[0.017s] Invoking command in '/home/boss/Z4Ge/build/lidar_demo': CMAKE_PREFIX_PATH=${CMAKE_PREFIX_PATH}:/home/boss/Z4Ge/install/twist_stamper:/opt/ros/jazzy DEBUGINFOD_URLS=https://debuginfod.ubuntu.com /usr/bin/cmake /home/boss/Z4Ge/src/lidar_demo -DAMENT_CMAKE_SYMLINK_INSTALL=1 -DCMAKE_INSTALL_PREFIX=/home/boss/Z4Ge/install/lidar_demo
[0.086s] -- The C compiler identification is GNU 13.3.0
[0.151s] -- The CXX compiler identification is GNU 13.3.0
[0.167s] -- Detecting C compiler ABI info
[0.253s] -- Detecting C compiler ABI info - done
[0.260s] -- Check for working C compiler: /usr/bin/cc - skipped
[0.260s] -- Detecting C compile features
[0.260s] -- Detecting C compile features - done
[0.270s] -- Detecting CXX compiler ABI info
[0.363s] -- Detecting CXX compiler ABI info - done
[0.371s] -- Check for working CXX compiler: /usr/bin/c++ - skipped
[0.371s] -- Detecting CXX compile features
[0.371s] -- Detecting CXX compile features - done
[0.375s] -- Found ament_cmake: 2.5.6 (/opt/ros/jazzy/share/ament_cmake/cmake)
[0.505s] -- Found Python3: /usr/bin/python3 (found version "3.12.3") found components: Interpreter 
[0.565s] -- Override CMake install command with custom implementation using symlinks instead of copying resources
[0.615s] -- Found xacro: 2.1.1 (/opt/ros/jazzy/share/xacro/cmake)
[0.618s] -- Found robot_state_publisher: 3.3.4 (/opt/ros/jazzy/share/robot_state_publisher/cmake)
[0.667s] -- Found rosidl_generator_c: 4.6.9 (/opt/ros/jazzy/share/rosidl_generator_c/cmake)
[0.683s] -- Found rosidl_generator_cpp: 4.6.9 (/opt/ros/jazzy/share/rosidl_generator_cpp/cmake)
[0.702s] -- Using all available rosidl_typesupport_c: rosidl_typesupport_fastrtps_c;rosidl_typesupport_introspection_c
[0.722s] -- Using all available rosidl_typesupport_cpp: rosidl_typesupport_fastrtps_cpp;rosidl_typesupport_introspection_cpp
[0.820s] -- Found rmw_implementation_cmake: 7.3.3 (/opt/ros/jazzy/share/rmw_implementation_cmake/cmake)
[0.824s] -- Found rmw_fastrtps_cpp: 8.4.4 (/opt/ros/jazzy/share/rmw_fastrtps_cpp/cmake)
[0.922s] -- Found OpenSSL: /usr/lib/x86_64-linux-gnu/libcrypto.so (found version "3.0.13")  
[0.942s] -- Found FastRTPS: /opt/ros/jazzy/include (Required is at least version "2.13") 
[0.966s] -- Using RMW implementation 'rmw_fastrtps_cpp' as default
[1.264s] -- Found ros_gz_sim: 1.0.22 (/opt/ros/jazzy/share/ros_gz_sim/cmake)
[1.270s] -- Found ament_lint_auto: 0.17.5 (/opt/ros/jazzy/share/ament_lint_auto/cmake)
[1.375s] -- Added test 'flake8' to check Python code syntax and style conventions
[1.375s] -- Configured 'flake8' exclude dirs and/or files: 
[1.376s] -- Added test 'lint_cmake' to check CMake code style
[1.376s] -- Added test 'pep257' to check Python code against some of the docstring style conventions in PEP 257
[1.378s] -- Added test 'xmllint' to check XML markup files
[1.380s] -- Configuring done (1.4s)
[1.385s] -- Generating done (0.0s)
[1.387s] -- Build files have been written to: /home/boss/Z4Ge/build/lidar_demo
[1.399s] Invoked command in '/home/boss/Z4Ge/build/lidar_demo' returned '0': CMAKE_PREFIX_PATH=${CMAKE_PREFIX_PATH}:/home/boss/Z4Ge/install/twist_stamper:/opt/ros/jazzy DEBUGINFOD_URLS=https://debuginfod.ubuntu.com /usr/bin/cmake /home/boss/Z4Ge/src/lidar_demo -DAMENT_CMAKE_SYMLINK_INSTALL=1 -DCMAKE_INSTALL_PREFIX=/home/boss/Z4Ge/install/lidar_demo
[1.399s] Invoking command in '/home/boss/Z4Ge/build/lidar_demo': CMAKE_PREFIX_PATH=${CMAKE_PREFIX_PATH}:/home/boss/Z4Ge/install/twist_stamper:/opt/ros/jazzy DEBUGINFOD_URLS=https://debuginfod.ubuntu.com /usr/bin/cmake --build /home/boss/Z4Ge/build/lidar_demo -- -j16 -l16
[1.448s] Invoked command in '/home/boss/Z4Ge/build/lidar_demo' returned '0': CMAKE_PREFIX_PATH=${CMAKE_PREFIX_PATH}:/home/boss/Z4Ge/install/twist_stamper:/opt/ros/jazzy DEBUGINFOD_URLS=https://debuginfod.ubuntu.com /usr/bin/cmake --build /home/boss/Z4Ge/build/lidar_demo -- -j16 -l16
[1.449s] Invoking command in '/home/boss/Z4Ge/build/lidar_demo': CMAKE_PREFIX_PATH=${CMAKE_PREFIX_PATH}:/home/boss/Z4Ge/install/twist_stamper:/opt/ros/jazzy DEBUGINFOD_URLS=https://debuginfod.ubuntu.com /usr/bin/cmake --install /home/boss/Z4Ge/build/lidar_demo
[1.458s] -- Install configuration: ""
[1.458s] -- Execute custom install script
[1.459s] -- Symlinking: /home/boss/Z4Ge/install/lidar_demo/share/lidar_demo/description/gazebo.xacro
[1.470s] -- Symlinking: /home/boss/Z4Ge/install/lidar_demo/share/lidar_demo/description/lidar.xacro
[1.481s] -- Symlinking: /home/boss/Z4Ge/install/lidar_demo/share/lidar_demo/description/materials.xacro
[1.491s] -- Symlinking: /home/boss/Z4Ge/install/lidar_demo/share/lidar_demo/description/robot.urdf.xacro
[1.502s] -- Symlinking: /home/boss/Z4Ge/install/lidar_demo/share/lidar_demo/description/robot_core.xacro
[1.513s] -- Symlinking: /home/boss/Z4Ge/install/lidar_demo/share/lidar_demo/description/ros2_control.xacro
[1.523s] -- Symlinking: /home/boss/Z4Ge/install/lidar_demo/share/lidar_demo/description/wheels.xacro
[1.533s] -- Symlinking: /home/boss/Z4Ge/install/lidar_demo/share/lidar_demo/launch/gazebo.launch.py
[1.542s] -- Symlinking: /home/boss/Z4Ge/install/lidar_demo/share/lidar_demo/launch/gazebo.launch.py.backup
[1.553s] -- Symlinking: /home/boss/Z4Ge/install/lidar_demo/share/lidar_demo/launch/slam.launch.py
[1.564s] -- Symlinking: /home/boss/Z4Ge/install/lidar_demo/share/lidar_demo/worlds/empty.sdf
[1.577s] -- Symlinking: /home/boss/Z4Ge/install/lidar_demo/share/lidar_demo/config/bridge.yaml
[1.588s] -- Symlinking: /home/boss/Z4Ge/install/lidar_demo/share/lidar_demo/config/controllers.yaml
[1.601s] -- Symlinking: /home/boss/Z4Ge/install/lidar_demo/share/lidar_demo/config/mapper_params_online_async.yaml
[1.614s] -- Symlinking: /home/boss/Z4Ge/install/lidar_demo/share/ament_index/resource_index/package_run_dependencies/lidar_demo
[1.629s] -- Symlinking: /home/boss/Z4Ge/install/lidar_demo/share/ament_index/resource_index/parent_prefix_path/lidar_demo
[1.640s] -- Symlinking: /home/boss/Z4Ge/install/lidar_demo/share/lidar_demo/environment/ament_prefix_path.sh
[1.652s] -- Symlinking: /home/boss/Z4Ge/install/lidar_demo/share/lidar_demo/environment/ament_prefix_path.dsv
[1.663s] -- Symlinking: /home/boss/Z4Ge/install/lidar_demo/share/lidar_demo/environment/path.sh
[1.672s] -- Symlinking: /home/boss/Z4Ge/install/lidar_demo/share/lidar_demo/environment/path.dsv
[1.681s] -- Symlinking: /home/boss/Z4Ge/install/lidar_demo/share/lidar_demo/local_setup.bash
[1.690s] -- Symlinking: /home/boss/Z4Ge/install/lidar_demo/share/lidar_demo/local_setup.sh
[1.700s] -- Symlinking: /home/boss/Z4Ge/install/lidar_demo/share/lidar_demo/local_setup.zsh
[1.709s] -- Symlinking: /home/boss/Z4Ge/install/lidar_demo/share/lidar_demo/local_setup.dsv
[1.719s] -- Symlinking: /home/boss/Z4Ge/install/lidar_demo/share/lidar_demo/package.dsv
[1.728s] -- Symlinking: /home/boss/Z4Ge/install/lidar_demo/share/ament_index/resource_index/packages/lidar_demo
[1.738s] -- Symlinking: /home/boss/Z4Ge/install/lidar_demo/share/lidar_demo/cmake/lidar_demoConfig.cmake
[1.751s] -- Symlinking: /home/boss/Z4Ge/install/lidar_demo/share/lidar_demo/cmake/lidar_demoConfig-version.cmake
[1.760s] -- Symlinking: /home/boss/Z4Ge/install/lidar_demo/share/lidar_demo/package.xml
[1.773s] Invoked command in '/home/boss/Z4Ge/build/lidar_demo' returned '0': CMAKE_PREFIX_PATH=${CMAKE_PREFIX_PATH}:/home/boss/Z4Ge/install/twist_stamper:/opt/ros/jazzy DEBUGINFOD_URLS=https://debuginfod.ubuntu.com /usr/bin/cmake --install /home/boss/Z4Ge/build/lidar_demo
