[0.138s] DEBUG:colcon:Command line arguments: ['/usr/bin/colcon', 'build', '--symlink-install']
[0.139s] DEBUG:colcon:Parsed command line arguments: Namespace(log_base=None, log_level=None, verb_name='build', build_base='build', install_base='install', merge_install=False, symlink_install=True, test_result_base=None, continue_on_error=False, executor='parallel', parallel_workers=16, event_handlers=None, ignore_user_meta=False, metas=['./colcon.meta'], base_paths=['.'], packages_ignore=None, packages_ignore_regex=None, paths=None, packages_up_to=None, packages_up_to_regex=None, packages_above=None, packages_above_and_dependencies=None, packages_above_depth=None, packages_select_by_dep=None, packages_skip_by_dep=None, packages_skip_up_to=None, packages_select_build_failed=False, packages_skip_build_finished=False, packages_select_test_failures=False, packages_skip_test_passed=False, packages_select=None, packages_skip=None, packages_select_regex=None, packages_skip_regex=None, packages_start=None, packages_end=None, allow_overriding=[], cmake_args=None, cmake_target=None, cmake_target_skip_unavailable=False, cmake_clean_cache=False, cmake_clean_first=False, cmake_force_configure=False, ament_cmake_args=None, catkin_cmake_args=None, catkin_skip_building_tests=False, verb_parser=<colcon_defaults.argument_parser.defaults.DefaultArgumentsDecorator object at 0x7e2fdbdfeb10>, verb_extension=<colcon_core.verb.build.BuildVerb object at 0x7e2fdbdfd8e0>, main=<bound method BuildVerb.main of <colcon_core.verb.build.BuildVerb object at 0x7e2fdbdfd8e0>>)
[0.178s] Level 1:colcon.colcon_core.package_discovery:discover_packages(colcon_meta) check parameters
[0.178s] Level 1:colcon.colcon_core.package_discovery:discover_packages(recursive) check parameters
[0.178s] Level 1:colcon.colcon_core.package_discovery:discover_packages(ignore) check parameters
[0.179s] Level 1:colcon.colcon_core.package_discovery:discover_packages(path) check parameters
[0.179s] Level 1:colcon.colcon_core.package_discovery:discover_packages(colcon_meta) discover
[0.179s] Level 1:colcon.colcon_core.package_discovery:discover_packages(recursive) discover
[0.179s] INFO:colcon.colcon_core.package_discovery:Crawling recursively for packages in '/home/boss/Z4Ge'
[0.179s] Level 1:colcon.colcon_core.package_identification:_identify(.) by extensions ['ignore', 'ignore_ament_install']
[0.179s] Level 1:colcon.colcon_core.package_identification:_identify(.) by extension 'ignore'
[0.179s] Level 1:colcon.colcon_core.package_identification:_identify(.) by extension 'ignore_ament_install'
[0.179s] Level 1:colcon.colcon_core.package_identification:_identify(.) by extensions ['colcon_pkg']
[0.179s] Level 1:colcon.colcon_core.package_identification:_identify(.) by extension 'colcon_pkg'
[0.179s] Level 1:colcon.colcon_core.package_identification:_identify(.) by extensions ['colcon_meta']
[0.179s] Level 1:colcon.colcon_core.package_identification:_identify(.) by extension 'colcon_meta'
[0.179s] Level 1:colcon.colcon_core.package_identification:_identify(.) by extensions ['ros']
[0.179s] Level 1:colcon.colcon_core.package_identification:_identify(.) by extension 'ros'
[0.201s] Level 1:colcon.colcon_core.package_identification:_identify(.) by extensions ['cmake', 'python']
[0.201s] Level 1:colcon.colcon_core.package_identification:_identify(.) by extension 'cmake'
[0.201s] Level 1:colcon.colcon_core.package_identification:_identify(.) by extension 'python'
[0.202s] Level 1:colcon.colcon_core.package_identification:_identify(.) by extensions ['python_setup_py']
[0.202s] Level 1:colcon.colcon_core.package_identification:_identify(.) by extension 'python_setup_py'
[0.202s] Level 1:colcon.colcon_core.package_identification:_identify(build) by extensions ['ignore', 'ignore_ament_install']
[0.202s] Level 1:colcon.colcon_core.package_identification:_identify(build) by extension 'ignore'
[0.202s] Level 1:colcon.colcon_core.package_identification:_identify(build) ignored
[0.202s] Level 1:colcon.colcon_core.package_identification:_identify(install) by extensions ['ignore', 'ignore_ament_install']
[0.202s] Level 1:colcon.colcon_core.package_identification:_identify(install) by extension 'ignore'
[0.202s] Level 1:colcon.colcon_core.package_identification:_identify(install) ignored
[0.202s] Level 1:colcon.colcon_core.package_identification:_identify(log) by extensions ['ignore', 'ignore_ament_install']
[0.202s] Level 1:colcon.colcon_core.package_identification:_identify(log) by extension 'ignore'
[0.202s] Level 1:colcon.colcon_core.package_identification:_identify(log) ignored
[0.202s] Level 1:colcon.colcon_core.package_identification:_identify(src) by extensions ['ignore', 'ignore_ament_install']
[0.202s] Level 1:colcon.colcon_core.package_identification:_identify(src) by extension 'ignore'
[0.202s] Level 1:colcon.colcon_core.package_identification:_identify(src) by extension 'ignore_ament_install'
[0.202s] Level 1:colcon.colcon_core.package_identification:_identify(src) by extensions ['colcon_pkg']
[0.202s] Level 1:colcon.colcon_core.package_identification:_identify(src) by extension 'colcon_pkg'
[0.202s] Level 1:colcon.colcon_core.package_identification:_identify(src) by extensions ['colcon_meta']
[0.202s] Level 1:colcon.colcon_core.package_identification:_identify(src) by extension 'colcon_meta'
[0.202s] Level 1:colcon.colcon_core.package_identification:_identify(src) by extensions ['ros']
[0.202s] Level 1:colcon.colcon_core.package_identification:_identify(src) by extension 'ros'
[0.203s] Level 1:colcon.colcon_core.package_identification:_identify(src) by extensions ['cmake', 'python']
[0.203s] Level 1:colcon.colcon_core.package_identification:_identify(src) by extension 'cmake'
[0.203s] Level 1:colcon.colcon_core.package_identification:_identify(src) by extension 'python'
[0.203s] Level 1:colcon.colcon_core.package_identification:_identify(src) by extensions ['python_setup_py']
[0.203s] Level 1:colcon.colcon_core.package_identification:_identify(src) by extension 'python_setup_py'
[0.203s] Level 1:colcon.colcon_core.package_identification:_identify(src/autonomous_car) by extensions ['ignore', 'ignore_ament_install']
[0.203s] Level 1:colcon.colcon_core.package_identification:_identify(src/autonomous_car) by extension 'ignore'
[0.203s] Level 1:colcon.colcon_core.package_identification:_identify(src/autonomous_car) by extension 'ignore_ament_install'
[0.203s] Level 1:colcon.colcon_core.package_identification:_identify(src/autonomous_car) by extensions ['colcon_pkg']
[0.203s] Level 1:colcon.colcon_core.package_identification:_identify(src/autonomous_car) by extension 'colcon_pkg'
[0.203s] Level 1:colcon.colcon_core.package_identification:_identify(src/autonomous_car) by extensions ['colcon_meta']
[0.203s] Level 1:colcon.colcon_core.package_identification:_identify(src/autonomous_car) by extension 'colcon_meta'
[0.203s] Level 1:colcon.colcon_core.package_identification:_identify(src/autonomous_car) by extensions ['ros']
[0.203s] Level 1:colcon.colcon_core.package_identification:_identify(src/autonomous_car) by extension 'ros'
[0.205s] DEBUG:colcon.colcon_core.package_identification:Package 'src/autonomous_car' with type 'ros.ament_cmake' and name 'autonomous_car'
[0.206s] Level 1:colcon.colcon_core.package_identification:_identify(src/lidar_demo) by extensions ['ignore', 'ignore_ament_install']
[0.206s] Level 1:colcon.colcon_core.package_identification:_identify(src/lidar_demo) by extension 'ignore'
[0.206s] Level 1:colcon.colcon_core.package_identification:_identify(src/lidar_demo) by extension 'ignore_ament_install'
[0.206s] Level 1:colcon.colcon_core.package_identification:_identify(src/lidar_demo) by extensions ['colcon_pkg']
[0.206s] Level 1:colcon.colcon_core.package_identification:_identify(src/lidar_demo) by extension 'colcon_pkg'
[0.206s] Level 1:colcon.colcon_core.package_identification:_identify(src/lidar_demo) by extensions ['colcon_meta']
[0.206s] Level 1:colcon.colcon_core.package_identification:_identify(src/lidar_demo) by extension 'colcon_meta'
[0.206s] Level 1:colcon.colcon_core.package_identification:_identify(src/lidar_demo) by extensions ['ros']
[0.206s] Level 1:colcon.colcon_core.package_identification:_identify(src/lidar_demo) by extension 'ros'
[0.207s] DEBUG:colcon.colcon_core.package_identification:Package 'src/lidar_demo' with type 'ros.ament_cmake' and name 'lidar_demo'
[0.207s] Level 1:colcon.colcon_core.package_identification:_identify(src/twist_stamper) by extensions ['ignore', 'ignore_ament_install']
[0.207s] Level 1:colcon.colcon_core.package_identification:_identify(src/twist_stamper) by extension 'ignore'
[0.207s] Level 1:colcon.colcon_core.package_identification:_identify(src/twist_stamper) by extension 'ignore_ament_install'
[0.207s] Level 1:colcon.colcon_core.package_identification:_identify(src/twist_stamper) by extensions ['colcon_pkg']
[0.207s] Level 1:colcon.colcon_core.package_identification:_identify(src/twist_stamper) by extension 'colcon_pkg'
[0.207s] Level 1:colcon.colcon_core.package_identification:_identify(src/twist_stamper) by extensions ['colcon_meta']
[0.207s] Level 1:colcon.colcon_core.package_identification:_identify(src/twist_stamper) by extension 'colcon_meta'
[0.207s] Level 1:colcon.colcon_core.package_identification:_identify(src/twist_stamper) by extensions ['ros']
[0.207s] Level 1:colcon.colcon_core.package_identification:_identify(src/twist_stamper) by extension 'ros'
[0.208s] DEBUG:colcon.colcon_core.package_identification:Package 'src/twist_stamper' with type 'ros.ament_python' and name 'twist_stamper'
[0.208s] Level 1:colcon.colcon_core.package_discovery:discover_packages(recursive) using defaults
[0.208s] Level 1:colcon.colcon_core.package_discovery:discover_packages(ignore) discover
[0.208s] Level 1:colcon.colcon_core.package_discovery:discover_packages(ignore) using defaults
[0.208s] Level 1:colcon.colcon_core.package_discovery:discover_packages(path) discover
[0.208s] Level 1:colcon.colcon_core.package_discovery:discover_packages(path) using defaults
[0.225s] Level 1:colcon.colcon_core.package_discovery:discover_packages(prefix_path) check parameters
[0.225s] Level 1:colcon.colcon_core.package_discovery:discover_packages(prefix_path) discover
[0.228s] DEBUG:colcon.colcon_installed_package_information.package_discovery:Found 3 installed packages in /home/boss/Z4Ge/install
[0.228s] DEBUG:colcon.colcon_installed_package_information.package_discovery:Found 0 installed packages in /home/boss/ros2_ws/install
[0.230s] DEBUG:colcon.colcon_installed_package_information.package_discovery:Found 377 installed packages in /opt/ros/jazzy
[0.231s] Level 1:colcon.colcon_core.package_discovery:discover_packages(prefix_path) using defaults
[0.280s] Level 5:colcon.colcon_core.verb:set package 'autonomous_car' build argument 'cmake_args' from command line to 'None'
[0.280s] Level 5:colcon.colcon_core.verb:set package 'autonomous_car' build argument 'cmake_target' from command line to 'None'
[0.280s] Level 5:colcon.colcon_core.verb:set package 'autonomous_car' build argument 'cmake_target_skip_unavailable' from command line to 'False'
[0.280s] Level 5:colcon.colcon_core.verb:set package 'autonomous_car' build argument 'cmake_clean_cache' from command line to 'False'
[0.280s] Level 5:colcon.colcon_core.verb:set package 'autonomous_car' build argument 'cmake_clean_first' from command line to 'False'
[0.280s] Level 5:colcon.colcon_core.verb:set package 'autonomous_car' build argument 'cmake_force_configure' from command line to 'False'
[0.280s] Level 5:colcon.colcon_core.verb:set package 'autonomous_car' build argument 'ament_cmake_args' from command line to 'None'
[0.280s] Level 5:colcon.colcon_core.verb:set package 'autonomous_car' build argument 'catkin_cmake_args' from command line to 'None'
[0.280s] Level 5:colcon.colcon_core.verb:set package 'autonomous_car' build argument 'catkin_skip_building_tests' from command line to 'False'
[0.280s] DEBUG:colcon.colcon_core.verb:Building package 'autonomous_car' with the following arguments: {'ament_cmake_args': None, 'build_base': '/home/boss/Z4Ge/build/autonomous_car', 'catkin_cmake_args': None, 'catkin_skip_building_tests': False, 'cmake_args': None, 'cmake_clean_cache': False, 'cmake_clean_first': False, 'cmake_force_configure': False, 'cmake_target': None, 'cmake_target_skip_unavailable': False, 'install_base': '/home/boss/Z4Ge/install/autonomous_car', 'merge_install': False, 'path': '/home/boss/Z4Ge/src/autonomous_car', 'symlink_install': True, 'test_result_base': None}
[0.280s] Level 5:colcon.colcon_core.verb:set package 'lidar_demo' build argument 'cmake_args' from command line to 'None'
[0.280s] Level 5:colcon.colcon_core.verb:set package 'lidar_demo' build argument 'cmake_target' from command line to 'None'
[0.280s] Level 5:colcon.colcon_core.verb:set package 'lidar_demo' build argument 'cmake_target_skip_unavailable' from command line to 'False'
[0.280s] Level 5:colcon.colcon_core.verb:set package 'lidar_demo' build argument 'cmake_clean_cache' from command line to 'False'
[0.280s] Level 5:colcon.colcon_core.verb:set package 'lidar_demo' build argument 'cmake_clean_first' from command line to 'False'
[0.280s] Level 5:colcon.colcon_core.verb:set package 'lidar_demo' build argument 'cmake_force_configure' from command line to 'False'
[0.280s] Level 5:colcon.colcon_core.verb:set package 'lidar_demo' build argument 'ament_cmake_args' from command line to 'None'
[0.280s] Level 5:colcon.colcon_core.verb:set package 'lidar_demo' build argument 'catkin_cmake_args' from command line to 'None'
[0.280s] Level 5:colcon.colcon_core.verb:set package 'lidar_demo' build argument 'catkin_skip_building_tests' from command line to 'False'
[0.280s] DEBUG:colcon.colcon_core.verb:Building package 'lidar_demo' with the following arguments: {'ament_cmake_args': None, 'build_base': '/home/boss/Z4Ge/build/lidar_demo', 'catkin_cmake_args': None, 'catkin_skip_building_tests': False, 'cmake_args': None, 'cmake_clean_cache': False, 'cmake_clean_first': False, 'cmake_force_configure': False, 'cmake_target': None, 'cmake_target_skip_unavailable': False, 'install_base': '/home/boss/Z4Ge/install/lidar_demo', 'merge_install': False, 'path': '/home/boss/Z4Ge/src/lidar_demo', 'symlink_install': True, 'test_result_base': None}
[0.280s] Level 5:colcon.colcon_core.verb:set package 'twist_stamper' build argument 'cmake_args' from command line to 'None'
[0.280s] Level 5:colcon.colcon_core.verb:set package 'twist_stamper' build argument 'cmake_target' from command line to 'None'
[0.280s] Level 5:colcon.colcon_core.verb:set package 'twist_stamper' build argument 'cmake_target_skip_unavailable' from command line to 'False'
[0.280s] Level 5:colcon.colcon_core.verb:set package 'twist_stamper' build argument 'cmake_clean_cache' from command line to 'False'
[0.280s] Level 5:colcon.colcon_core.verb:set package 'twist_stamper' build argument 'cmake_clean_first' from command line to 'False'
[0.280s] Level 5:colcon.colcon_core.verb:set package 'twist_stamper' build argument 'cmake_force_configure' from command line to 'False'
[0.280s] Level 5:colcon.colcon_core.verb:set package 'twist_stamper' build argument 'ament_cmake_args' from command line to 'None'
[0.280s] Level 5:colcon.colcon_core.verb:set package 'twist_stamper' build argument 'catkin_cmake_args' from command line to 'None'
[0.280s] Level 5:colcon.colcon_core.verb:set package 'twist_stamper' build argument 'catkin_skip_building_tests' from command line to 'False'
[0.280s] DEBUG:colcon.colcon_core.verb:Building package 'twist_stamper' with the following arguments: {'ament_cmake_args': None, 'build_base': '/home/boss/Z4Ge/build/twist_stamper', 'catkin_cmake_args': None, 'catkin_skip_building_tests': False, 'cmake_args': None, 'cmake_clean_cache': False, 'cmake_clean_first': False, 'cmake_force_configure': False, 'cmake_target': None, 'cmake_target_skip_unavailable': False, 'install_base': '/home/boss/Z4Ge/install/twist_stamper', 'merge_install': False, 'path': '/home/boss/Z4Ge/src/twist_stamper', 'symlink_install': True, 'test_result_base': None}
[0.281s] INFO:colcon.colcon_core.executor:Executing jobs using 'parallel' executor
[0.282s] DEBUG:colcon.colcon_parallel_executor.executor.parallel:run_until_complete
[0.282s] INFO:colcon.colcon_ros.task.ament_cmake.build:Building ROS package in '/home/boss/Z4Ge/src/autonomous_car' with build type 'ament_cmake'
[0.282s] INFO:colcon.colcon_cmake.task.cmake.build:Building CMake package in '/home/boss/Z4Ge/src/autonomous_car'
[0.284s] INFO:colcon.colcon_core.plugin_system:Skipping extension 'colcon_core.shell.bat': Not used on non-Windows systems
[0.285s] INFO:colcon.colcon_core.shell:Skip shell extension 'powershell' for command environment: Not usable outside of PowerShell
[0.285s] DEBUG:colcon.colcon_core.shell:Skip shell extension 'dsv' for command environment
[0.289s] INFO:colcon.colcon_ros.task.ament_cmake.build:Building ROS package in '/home/boss/Z4Ge/src/lidar_demo' with build type 'ament_cmake'
[0.289s] INFO:colcon.colcon_cmake.task.cmake.build:Building CMake package in '/home/boss/Z4Ge/src/lidar_demo'
[0.290s] INFO:colcon.colcon_core.shell:Skip shell extension 'powershell' for command environment: Not usable outside of PowerShell
[0.290s] DEBUG:colcon.colcon_core.shell:Skip shell extension 'dsv' for command environment
[0.293s] INFO:colcon.colcon_ros.task.ament_python.build:Building ROS package in '/home/boss/Z4Ge/src/twist_stamper' with build type 'ament_python'
[0.293s] Level 1:colcon.colcon_core.shell:create_environment_hook('twist_stamper', 'ament_prefix_path')
[0.294s] INFO:colcon.colcon_core.shell:Creating environment hook '/home/boss/Z4Ge/install/twist_stamper/share/twist_stamper/hook/ament_prefix_path.ps1'
[0.294s] INFO:colcon.colcon_core.shell:Creating environment descriptor '/home/boss/Z4Ge/install/twist_stamper/share/twist_stamper/hook/ament_prefix_path.dsv'
[0.295s] INFO:colcon.colcon_core.shell:Creating environment hook '/home/boss/Z4Ge/install/twist_stamper/share/twist_stamper/hook/ament_prefix_path.sh'
[0.295s] INFO:colcon.colcon_core.shell:Skip shell extension 'powershell' for command environment: Not usable outside of PowerShell
[0.296s] DEBUG:colcon.colcon_core.shell:Skip shell extension 'dsv' for command environment
[0.303s] DEBUG:colcon.colcon_core.event_handler.log_command:Invoking command in '/home/boss/Z4Ge/build/autonomous_car': CMAKE_PREFIX_PATH=${CMAKE_PREFIX_PATH}:/home/boss/Z4Ge/install/twist_stamper:/opt/ros/jazzy DEBUGINFOD_URLS=https://debuginfod.ubuntu.com /usr/bin/cmake --build /home/boss/Z4Ge/build/autonomous_car -- -j16 -l16
[0.329s] DEBUG:colcon.colcon_core.event_handler.log_command:Invoking command in '/home/boss/Z4Ge/build/lidar_demo': CMAKE_PREFIX_PATH=${CMAKE_PREFIX_PATH}:/home/boss/Z4Ge/install/twist_stamper:/opt/ros/jazzy DEBUGINFOD_URLS=https://debuginfod.ubuntu.com /usr/bin/cmake --build /home/boss/Z4Ge/build/lidar_demo -- -j16 -l16
[0.537s] INFO:colcon.colcon_core.task.python.build:Building Python package in '/home/boss/Z4Ge/src/twist_stamper'
[0.537s] INFO:colcon.colcon_core.shell:Skip shell extension 'powershell' for command environment: Not usable outside of PowerShell
[0.537s] DEBUG:colcon.colcon_core.shell:Skip shell extension 'dsv' for command environment
[0.542s] DEBUG:colcon.colcon_core.event_handler.log_command:Invoked command in '/home/boss/Z4Ge/build/lidar_demo' returned '0': CMAKE_PREFIX_PATH=${CMAKE_PREFIX_PATH}:/home/boss/Z4Ge/install/twist_stamper:/opt/ros/jazzy DEBUGINFOD_URLS=https://debuginfod.ubuntu.com /usr/bin/cmake --build /home/boss/Z4Ge/build/lidar_demo -- -j16 -l16
[0.553s] DEBUG:colcon.colcon_core.event_handler.log_command:Invoking command in '/home/boss/Z4Ge/build/lidar_demo': CMAKE_PREFIX_PATH=${CMAKE_PREFIX_PATH}:/home/boss/Z4Ge/install/twist_stamper:/opt/ros/jazzy DEBUGINFOD_URLS=https://debuginfod.ubuntu.com /usr/bin/cmake --install /home/boss/Z4Ge/build/lidar_demo
[0.554s] DEBUG:colcon.colcon_core.event_handler.log_command:Invoked command in '/home/boss/Z4Ge/build/autonomous_car' returned '0': CMAKE_PREFIX_PATH=${CMAKE_PREFIX_PATH}:/home/boss/Z4Ge/install/twist_stamper:/opt/ros/jazzy DEBUGINFOD_URLS=https://debuginfod.ubuntu.com /usr/bin/cmake --build /home/boss/Z4Ge/build/autonomous_car -- -j16 -l16
[0.555s] DEBUG:colcon.colcon_core.event_handler.log_command:Invoking command in '/home/boss/Z4Ge/build/autonomous_car': CMAKE_PREFIX_PATH=${CMAKE_PREFIX_PATH}:/home/boss/Z4Ge/install/twist_stamper:/opt/ros/jazzy DEBUGINFOD_URLS=https://debuginfod.ubuntu.com /usr/bin/cmake --install /home/boss/Z4Ge/build/autonomous_car
[0.581s] Level 1:colcon.colcon_core.environment:create_environment_scripts_only(autonomous_car)
[0.581s] DEBUG:colcon.colcon_core.event_handler.log_command:Invoked command in '/home/boss/Z4Ge/build/autonomous_car' returned '0': CMAKE_PREFIX_PATH=${CMAKE_PREFIX_PATH}:/home/boss/Z4Ge/install/twist_stamper:/opt/ros/jazzy DEBUGINFOD_URLS=https://debuginfod.ubuntu.com /usr/bin/cmake --install /home/boss/Z4Ge/build/autonomous_car
[0.583s] Level 1:colcon.colcon_core.environment:checking '/home/boss/Z4Ge/install/autonomous_car' for CMake module files
[0.584s] Level 1:colcon.colcon_core.environment:checking '/home/boss/Z4Ge/install/autonomous_car' for CMake config files
[0.584s] Level 1:colcon.colcon_core.shell:create_environment_hook('autonomous_car', 'cmake_prefix_path')
[0.585s] INFO:colcon.colcon_core.shell:Creating environment hook '/home/boss/Z4Ge/install/autonomous_car/share/autonomous_car/hook/cmake_prefix_path.ps1'
[0.585s] INFO:colcon.colcon_core.shell:Creating environment descriptor '/home/boss/Z4Ge/install/autonomous_car/share/autonomous_car/hook/cmake_prefix_path.dsv'
[0.586s] INFO:colcon.colcon_core.shell:Creating environment hook '/home/boss/Z4Ge/install/autonomous_car/share/autonomous_car/hook/cmake_prefix_path.sh'
[0.586s] Level 1:colcon.colcon_core.environment:checking '/home/boss/Z4Ge/install/autonomous_car/lib'
[0.586s] Level 1:colcon.colcon_core.environment:checking '/home/boss/Z4Ge/install/autonomous_car/bin'
[0.587s] Level 1:colcon.colcon_core.environment:checking '/home/boss/Z4Ge/install/autonomous_car/lib/pkgconfig/autonomous_car.pc'
[0.587s] Level 1:colcon.colcon_core.environment:checking '/home/boss/Z4Ge/install/autonomous_car/lib/python3.12/site-packages'
[0.587s] Level 1:colcon.colcon_core.environment:checking '/home/boss/Z4Ge/install/autonomous_car/bin'
[0.587s] INFO:colcon.colcon_core.shell:Creating package script '/home/boss/Z4Ge/install/autonomous_car/share/autonomous_car/package.ps1'
[0.588s] INFO:colcon.colcon_core.shell:Creating package descriptor '/home/boss/Z4Ge/install/autonomous_car/share/autonomous_car/package.dsv'
[0.588s] INFO:colcon.colcon_core.shell:Creating package script '/home/boss/Z4Ge/install/autonomous_car/share/autonomous_car/package.sh'
[0.589s] INFO:colcon.colcon_core.shell:Creating package script '/home/boss/Z4Ge/install/autonomous_car/share/autonomous_car/package.bash'
[0.590s] INFO:colcon.colcon_core.shell:Creating package script '/home/boss/Z4Ge/install/autonomous_car/share/autonomous_car/package.zsh'
[0.591s] Level 1:colcon.colcon_core.environment:create_file_with_runtime_dependencies(/home/boss/Z4Ge/install/autonomous_car/share/colcon-core/packages/autonomous_car)
[0.591s] Level 1:colcon.colcon_core.environment:create_environment_scripts_only(autonomous_car)
[0.591s] Level 1:colcon.colcon_core.environment:checking '/home/boss/Z4Ge/install/autonomous_car' for CMake module files
[0.592s] Level 1:colcon.colcon_core.environment:checking '/home/boss/Z4Ge/install/autonomous_car' for CMake config files
[0.592s] Level 1:colcon.colcon_core.shell:create_environment_hook('autonomous_car', 'cmake_prefix_path')
[0.592s] INFO:colcon.colcon_core.shell:Creating environment hook '/home/boss/Z4Ge/install/autonomous_car/share/autonomous_car/hook/cmake_prefix_path.ps1'
[0.593s] INFO:colcon.colcon_core.shell:Creating environment descriptor '/home/boss/Z4Ge/install/autonomous_car/share/autonomous_car/hook/cmake_prefix_path.dsv'
[0.593s] INFO:colcon.colcon_core.shell:Creating environment hook '/home/boss/Z4Ge/install/autonomous_car/share/autonomous_car/hook/cmake_prefix_path.sh'
[0.594s] Level 1:colcon.colcon_core.environment:checking '/home/boss/Z4Ge/install/autonomous_car/lib'
[0.594s] Level 1:colcon.colcon_core.environment:checking '/home/boss/Z4Ge/install/autonomous_car/bin'
[0.594s] Level 1:colcon.colcon_core.environment:checking '/home/boss/Z4Ge/install/autonomous_car/lib/pkgconfig/autonomous_car.pc'
[0.594s] Level 1:colcon.colcon_core.environment:checking '/home/boss/Z4Ge/install/autonomous_car/lib/python3.12/site-packages'
[0.594s] Level 1:colcon.colcon_core.environment:checking '/home/boss/Z4Ge/install/autonomous_car/bin'
[0.595s] INFO:colcon.colcon_core.shell:Creating package script '/home/boss/Z4Ge/install/autonomous_car/share/autonomous_car/package.ps1'
[0.595s] INFO:colcon.colcon_core.shell:Creating package descriptor '/home/boss/Z4Ge/install/autonomous_car/share/autonomous_car/package.dsv'
[0.595s] INFO:colcon.colcon_core.shell:Creating package script '/home/boss/Z4Ge/install/autonomous_car/share/autonomous_car/package.sh'
[0.596s] INFO:colcon.colcon_core.shell:Creating package script '/home/boss/Z4Ge/install/autonomous_car/share/autonomous_car/package.bash'
[0.596s] INFO:colcon.colcon_core.shell:Creating package script '/home/boss/Z4Ge/install/autonomous_car/share/autonomous_car/package.zsh'
[0.596s] Level 1:colcon.colcon_core.environment:create_file_with_runtime_dependencies(/home/boss/Z4Ge/install/autonomous_car/share/colcon-core/packages/autonomous_car)
[0.597s] Level 1:colcon.colcon_core.environment:create_environment_scripts_only(lidar_demo)
[0.597s] Level 1:colcon.colcon_core.environment:checking '/home/boss/Z4Ge/install/lidar_demo' for CMake module files
[0.598s] Level 1:colcon.colcon_core.environment:checking '/home/boss/Z4Ge/install/lidar_demo' for CMake config files
[0.598s] DEBUG:colcon.colcon_core.event_handler.log_command:Invoked command in '/home/boss/Z4Ge/build/lidar_demo' returned '0': CMAKE_PREFIX_PATH=${CMAKE_PREFIX_PATH}:/home/boss/Z4Ge/install/twist_stamper:/opt/ros/jazzy DEBUGINFOD_URLS=https://debuginfod.ubuntu.com /usr/bin/cmake --install /home/boss/Z4Ge/build/lidar_demo
[0.598s] Level 1:colcon.colcon_core.shell:create_environment_hook('lidar_demo', 'cmake_prefix_path')
[0.598s] INFO:colcon.colcon_core.shell:Creating environment hook '/home/boss/Z4Ge/install/lidar_demo/share/lidar_demo/hook/cmake_prefix_path.ps1'
[0.599s] INFO:colcon.colcon_core.shell:Creating environment descriptor '/home/boss/Z4Ge/install/lidar_demo/share/lidar_demo/hook/cmake_prefix_path.dsv'
[0.599s] INFO:colcon.colcon_core.shell:Creating environment hook '/home/boss/Z4Ge/install/lidar_demo/share/lidar_demo/hook/cmake_prefix_path.sh'
[0.600s] Level 1:colcon.colcon_core.environment:checking '/home/boss/Z4Ge/install/lidar_demo/bin'
[0.600s] Level 1:colcon.colcon_core.environment:checking '/home/boss/Z4Ge/install/lidar_demo/lib/pkgconfig/lidar_demo.pc'
[0.600s] Level 1:colcon.colcon_core.environment:checking '/home/boss/Z4Ge/install/lidar_demo/lib/python3.12/site-packages'
[0.600s] Level 1:colcon.colcon_core.environment:checking '/home/boss/Z4Ge/install/lidar_demo/bin'
[0.601s] INFO:colcon.colcon_core.shell:Creating package script '/home/boss/Z4Ge/install/lidar_demo/share/lidar_demo/package.ps1'
[0.601s] INFO:colcon.colcon_core.shell:Creating package descriptor '/home/boss/Z4Ge/install/lidar_demo/share/lidar_demo/package.dsv'
[0.602s] INFO:colcon.colcon_core.shell:Creating package script '/home/boss/Z4Ge/install/lidar_demo/share/lidar_demo/package.sh'
[0.602s] INFO:colcon.colcon_core.shell:Creating package script '/home/boss/Z4Ge/install/lidar_demo/share/lidar_demo/package.bash'
[0.603s] INFO:colcon.colcon_core.shell:Creating package script '/home/boss/Z4Ge/install/lidar_demo/share/lidar_demo/package.zsh'
[0.603s] Level 1:colcon.colcon_core.environment:create_file_with_runtime_dependencies(/home/boss/Z4Ge/install/lidar_demo/share/colcon-core/packages/lidar_demo)
[0.603s] Level 1:colcon.colcon_core.environment:create_environment_scripts_only(lidar_demo)
[0.603s] Level 1:colcon.colcon_core.environment:checking '/home/boss/Z4Ge/install/lidar_demo' for CMake module files
[0.604s] Level 1:colcon.colcon_core.environment:checking '/home/boss/Z4Ge/install/lidar_demo' for CMake config files
[0.604s] Level 1:colcon.colcon_core.shell:create_environment_hook('lidar_demo', 'cmake_prefix_path')
[0.605s] INFO:colcon.colcon_core.shell:Creating environment hook '/home/boss/Z4Ge/install/lidar_demo/share/lidar_demo/hook/cmake_prefix_path.ps1'
[0.605s] INFO:colcon.colcon_core.shell:Creating environment descriptor '/home/boss/Z4Ge/install/lidar_demo/share/lidar_demo/hook/cmake_prefix_path.dsv'
[0.605s] INFO:colcon.colcon_core.shell:Creating environment hook '/home/boss/Z4Ge/install/lidar_demo/share/lidar_demo/hook/cmake_prefix_path.sh'
[0.606s] Level 1:colcon.colcon_core.environment:checking '/home/boss/Z4Ge/install/lidar_demo/bin'
[0.606s] Level 1:colcon.colcon_core.environment:checking '/home/boss/Z4Ge/install/lidar_demo/lib/pkgconfig/lidar_demo.pc'
[0.606s] Level 1:colcon.colcon_core.environment:checking '/home/boss/Z4Ge/install/lidar_demo/lib/python3.12/site-packages'
[0.606s] Level 1:colcon.colcon_core.environment:checking '/home/boss/Z4Ge/install/lidar_demo/bin'
[0.606s] INFO:colcon.colcon_core.shell:Creating package script '/home/boss/Z4Ge/install/lidar_demo/share/lidar_demo/package.ps1'
[0.607s] INFO:colcon.colcon_core.shell:Creating package descriptor '/home/boss/Z4Ge/install/lidar_demo/share/lidar_demo/package.dsv'
[0.607s] INFO:colcon.colcon_core.shell:Creating package script '/home/boss/Z4Ge/install/lidar_demo/share/lidar_demo/package.sh'
[0.607s] INFO:colcon.colcon_core.shell:Creating package script '/home/boss/Z4Ge/install/lidar_demo/share/lidar_demo/package.bash'
[0.608s] INFO:colcon.colcon_core.shell:Creating package script '/home/boss/Z4Ge/install/lidar_demo/share/lidar_demo/package.zsh'
[0.608s] Level 1:colcon.colcon_core.environment:create_file_with_runtime_dependencies(/home/boss/Z4Ge/install/lidar_demo/share/colcon-core/packages/lidar_demo)
[1.115s] DEBUG:colcon.colcon_core.task.python.build:Available setuptools commands: bdist_wheel, alias, build_ext, update_catalog, install_lib, clean, test, editable_wheel, extract_messages, init_catalog, sdist, bdist, install, upload_docs, build_clib, saveopts, setopt, easy_install, upload, compile_catalog, register, egg_info, dist_info, bdist_rpm, develop, rotate, install_scripts, build_py, bdist_egg, check, install_headers, build_scripts, bdist_dumb, build, install_data, install_egg_info, symlink_data
[1.424s] DEBUG:colcon.colcon_core.task.python.build:Available setuptools 'develop' options: --install-dir, --force-installation-into-system-dir, --index-url, --zip-ok, --optimize, --site-dirs, --multi-version, --always-unzip, --verbose, --egg-path, --help, --editable, --upgrade, --no-deps, --no-find-links, --user, --find-links, --no-user-cfg, --prefix, --build-directory, --allow-hosts, --record, --local-snapshots-ok, --script-dir, --version, --uninstall, --dry-run, --exclude-scripts, --always-copy, --install-layout, --quiet
[1.425s] DEBUG:colcon.colcon_core.event_handler.log_command:Invoking command in '/home/boss/Z4Ge/build/twist_stamper': DEBUGINFOD_URLS=https://debuginfod.ubuntu.com PYTHONPATH=/home/boss/Z4Ge/build/twist_stamper/prefix_override:/usr/lib/python3/dist-packages/colcon_core/task/python/colcon_distutils_commands:/home/boss/Z4Ge/install/twist_stamper/lib/python3.12/site-packages:${PYTHONPATH} /usr/bin/python3 -W ignore:setup.py install is deprecated -W ignore:easy_install command is deprecated setup.py develop --editable --build-directory /home/boss/Z4Ge/build/twist_stamper/build --no-deps symlink_data
[2.021s] Level 1:colcon.colcon_core.shell:create_environment_hook('twist_stamper', 'pythonpath_develop')
[2.021s] INFO:colcon.colcon_core.shell:Creating environment hook '/home/boss/Z4Ge/build/twist_stamper/share/twist_stamper/hook/pythonpath_develop.ps1'
[2.022s] DEBUG:colcon.colcon_core.event_handler.log_command:Invoked command in '/home/boss/Z4Ge/build/twist_stamper' returned '0': DEBUGINFOD_URLS=https://debuginfod.ubuntu.com PYTHONPATH=/home/boss/Z4Ge/build/twist_stamper/prefix_override:/usr/lib/python3/dist-packages/colcon_core/task/python/colcon_distutils_commands:/home/boss/Z4Ge/install/twist_stamper/lib/python3.12/site-packages:${PYTHONPATH} /usr/bin/python3 -W ignore:setup.py install is deprecated -W ignore:easy_install command is deprecated setup.py develop --editable --build-directory /home/boss/Z4Ge/build/twist_stamper/build --no-deps symlink_data
[2.022s] INFO:colcon.colcon_core.shell:Creating environment descriptor '/home/boss/Z4Ge/build/twist_stamper/share/twist_stamper/hook/pythonpath_develop.dsv'
[2.022s] INFO:colcon.colcon_core.shell:Creating environment hook '/home/boss/Z4Ge/build/twist_stamper/share/twist_stamper/hook/pythonpath_develop.sh'
[2.023s] Level 1:colcon.colcon_core.environment:checking '/home/boss/Z4Ge/install/twist_stamper' for CMake module files
[2.023s] Level 1:colcon.colcon_core.environment:checking '/home/boss/Z4Ge/install/twist_stamper' for CMake config files
[2.024s] Level 1:colcon.colcon_core.environment:checking '/home/boss/Z4Ge/install/twist_stamper/lib'
[2.024s] Level 1:colcon.colcon_core.environment:checking '/home/boss/Z4Ge/install/twist_stamper/bin'
[2.024s] Level 1:colcon.colcon_core.environment:checking '/home/boss/Z4Ge/install/twist_stamper/lib/pkgconfig/twist_stamper.pc'
[2.024s] Level 1:colcon.colcon_core.environment:checking '/home/boss/Z4Ge/install/twist_stamper/lib/python3.12/site-packages'
[2.024s] Level 1:colcon.colcon_core.shell:create_environment_hook('twist_stamper', 'pythonpath')
[2.024s] INFO:colcon.colcon_core.shell:Creating environment hook '/home/boss/Z4Ge/install/twist_stamper/share/twist_stamper/hook/pythonpath.ps1'
[2.025s] INFO:colcon.colcon_core.shell:Creating environment descriptor '/home/boss/Z4Ge/install/twist_stamper/share/twist_stamper/hook/pythonpath.dsv'
[2.025s] INFO:colcon.colcon_core.shell:Creating environment hook '/home/boss/Z4Ge/install/twist_stamper/share/twist_stamper/hook/pythonpath.sh'
[2.025s] Level 1:colcon.colcon_core.environment:checking '/home/boss/Z4Ge/install/twist_stamper/bin'
[2.026s] Level 1:colcon.colcon_core.environment:create_environment_scripts_only(twist_stamper)
[2.026s] INFO:colcon.colcon_core.shell:Creating package script '/home/boss/Z4Ge/install/twist_stamper/share/twist_stamper/package.ps1'
[2.026s] INFO:colcon.colcon_core.shell:Creating package descriptor '/home/boss/Z4Ge/install/twist_stamper/share/twist_stamper/package.dsv'
[2.027s] INFO:colcon.colcon_core.shell:Creating package script '/home/boss/Z4Ge/install/twist_stamper/share/twist_stamper/package.sh'
[2.027s] INFO:colcon.colcon_core.shell:Creating package script '/home/boss/Z4Ge/install/twist_stamper/share/twist_stamper/package.bash'
[2.027s] INFO:colcon.colcon_core.shell:Creating package script '/home/boss/Z4Ge/install/twist_stamper/share/twist_stamper/package.zsh'
[2.027s] Level 1:colcon.colcon_core.environment:create_file_with_runtime_dependencies(/home/boss/Z4Ge/install/twist_stamper/share/colcon-core/packages/twist_stamper)
[2.028s] DEBUG:colcon.colcon_parallel_executor.executor.parallel:closing loop
[2.028s] DEBUG:colcon.colcon_parallel_executor.executor.parallel:loop closed
[2.028s] DEBUG:colcon.colcon_parallel_executor.executor.parallel:run_until_complete finished with '0'
[2.028s] DEBUG:colcon.colcon_core.event_reactor:joining thread
[2.036s] INFO:colcon.colcon_core.plugin_system:Skipping extension 'colcon_notification.desktop_notification.terminal_notifier': Not used on non-Darwin systems
[2.036s] INFO:colcon.colcon_core.plugin_system:Skipping extension 'colcon_notification.desktop_notification.win32': Not used on non-Windows systems
[2.036s] INFO:colcon.colcon_notification.desktop_notification:Sending desktop notification using 'notify2'
[2.046s] DEBUG:colcon.colcon_core.event_reactor:joined thread
[2.047s] INFO:colcon.colcon_core.shell:Creating prefix script '/home/boss/Z4Ge/install/local_setup.ps1'
[2.048s] INFO:colcon.colcon_core.shell:Creating prefix util module '/home/boss/Z4Ge/install/_local_setup_util_ps1.py'
[2.049s] INFO:colcon.colcon_core.shell:Creating prefix chain script '/home/boss/Z4Ge/install/setup.ps1'
[2.050s] INFO:colcon.colcon_core.shell:Creating prefix script '/home/boss/Z4Ge/install/local_setup.sh'
[2.050s] INFO:colcon.colcon_core.shell:Creating prefix util module '/home/boss/Z4Ge/install/_local_setup_util_sh.py'
[2.050s] INFO:colcon.colcon_core.shell:Creating prefix chain script '/home/boss/Z4Ge/install/setup.sh'
[2.051s] INFO:colcon.colcon_core.shell:Creating prefix script '/home/boss/Z4Ge/install/local_setup.bash'
[2.051s] INFO:colcon.colcon_core.shell:Creating prefix chain script '/home/boss/Z4Ge/install/setup.bash'
[2.052s] INFO:colcon.colcon_core.shell:Creating prefix script '/home/boss/Z4Ge/install/local_setup.zsh'
[2.052s] INFO:colcon.colcon_core.shell:Creating prefix chain script '/home/boss/Z4Ge/install/setup.zsh'
