[1.044s] Invoking command in '/home/boss/Z4Ge/build/twist_stamper': DEBUGINFOD_URLS=https://debuginfod.ubuntu.com PYTHONPATH=/home/boss/Z4Ge/build/twist_stamper/prefix_override:/usr/lib/python3/dist-packages/colcon_core/task/python/colcon_distutils_commands:/home/boss/Z4Ge/install/twist_stamper/lib/python3.12/site-packages:${PYTHONPATH} /usr/bin/python3 -W ignore:setup.py install is deprecated -W ignore:easy_install command is deprecated setup.py develop --editable --build-directory /home/boss/Z4Ge/build/twist_stamper/build --no-deps symlink_data
[1.296s] running develop
[1.457s] running egg_info
[1.457s] creating twist_stamper.egg-info
[1.472s] writing twist_stamper.egg-info/PKG-INFO
[1.473s] writing dependency_links to twist_stamper.egg-info/dependency_links.txt
[1.473s] writing requirements to twist_stamper.egg-info/requires.txt
[1.473s] writing top-level names to twist_stamper.egg-info/top_level.txt
[1.473s] writing manifest file 'twist_stamper.egg-info/SOURCES.txt'
[1.505s] reading manifest file 'twist_stamper.egg-info/SOURCES.txt'
[1.506s] writing manifest file 'twist_stamper.egg-info/SOURCES.txt'
[1.522s] running build_ext
[1.522s] Creating /home/boss/Z4Ge/install/twist_stamper/lib/python3.12/site-packages/twist-stamper.egg-link (link to .)
[1.523s] 
[1.523s] Installed /home/boss/Z4Ge/build/twist_stamper
[1.523s] running symlink_data
[1.523s] creating /home/boss/Z4Ge/install/twist_stamper/share/ament_index
[1.523s] creating /home/boss/Z4Ge/install/twist_stamper/share/ament_index/resource_index
[1.523s] creating /home/boss/Z4Ge/install/twist_stamper/share/ament_index/resource_index/packages
[1.523s] symbolically linking /home/boss/Z4Ge/build/twist_stamper/resource/twist_stamper -> /home/boss/Z4Ge/install/twist_stamper/share/ament_index/resource_index/packages
[1.523s] symbolically linking /home/boss/Z4Ge/build/twist_stamper/package.xml -> /home/boss/Z4Ge/install/twist_stamper/share/twist_stamper
[1.554s] Invoked command in '/home/boss/Z4Ge/build/twist_stamper' returned '0': DEBUGINFOD_URLS=https://debuginfod.ubuntu.com PYTHONPATH=/home/boss/Z4Ge/build/twist_stamper/prefix_override:/usr/lib/python3/dist-packages/colcon_core/task/python/colcon_distutils_commands:/home/boss/Z4Ge/install/twist_stamper/lib/python3.12/site-packages:${PYTHONPATH} /usr/bin/python3 -W ignore:setup.py install is deprecated -W ignore:easy_install command is deprecated setup.py develop --editable --build-directory /home/boss/Z4Ge/build/twist_stamper/build --no-deps symlink_data
