[0.015s] Invoking command in '/home/boss/Z4Ge/build/lidar_demo': CMAKE_PREFIX_PATH=${CMAKE_PREFIX_PATH}:/home/boss/Z4Ge/install/twist_stamper:/opt/ros/jazzy DEBUGINFOD_URLS=https://debuginfod.ubuntu.com /usr/bin/cmake /home/boss/Z4Ge/src/lidar_demo -DCMAKE_INSTALL_PREFIX=/home/boss/Z4Ge/install/lidar_demo
[0.033s] -- Found ament_cmake: 2.5.6 (/opt/ros/jazzy/share/ament_cmake/cmake)
[0.237s] -- Override CMake install command with custom implementation using symlinks instead of copying resources
[0.243s] -- Found xacro: 2.1.1 (/opt/ros/jazzy/share/xacro/cmake)
[0.243s] -- Found robot_state_publisher: 3.3.4 (/opt/ros/jazzy/share/robot_state_publisher/cmake)
[0.264s] -- Found rosidl_generator_c: 4.6.9 (/opt/ros/jazzy/share/rosidl_generator_c/cmake)
[0.271s] -- Found rosidl_generator_cpp: 4.6.9 (/opt/ros/jazzy/share/rosidl_generator_cpp/cmake)
[0.279s] -- Using all available rosidl_typesupport_c: rosidl_typesupport_fastrtps_c;rosidl_typesupport_introspection_c
[0.289s] -- Using all available rosidl_typesupport_cpp: rosidl_typesupport_fastrtps_cpp;rosidl_typesupport_introspection_cpp
[0.340s] -- Found rmw_implementation_cmake: 7.3.3 (/opt/ros/jazzy/share/rmw_implementation_cmake/cmake)
[0.341s] -- Found rmw_fastrtps_cpp: 8.4.4 (/opt/ros/jazzy/share/rmw_fastrtps_cpp/cmake)
[0.395s] -- Using RMW implementation 'rmw_fastrtps_cpp' as default
[0.593s] -- Found ros_gz_sim: 1.0.22 (/opt/ros/jazzy/share/ros_gz_sim/cmake)
[0.596s] -- Found ament_lint_auto: 0.17.5 (/opt/ros/jazzy/share/ament_lint_auto/cmake)
[0.669s] -- Added test 'flake8' to check Python code syntax and style conventions
[0.669s] -- Configured 'flake8' exclude dirs and/or files: 
[0.669s] -- Added test 'lint_cmake' to check CMake code style
[0.669s] -- Added test 'pep257' to check Python code against some of the docstring style conventions in PEP 257
[0.671s] -- Added test 'xmllint' to check XML markup files
[0.671s] -- Configuring done (0.6s)
[0.677s] -- Generating done (0.0s)
[0.679s] -- Build files have been written to: /home/boss/Z4Ge/build/lidar_demo
[0.687s] Invoked command in '/home/boss/Z4Ge/build/lidar_demo' returned '0': CMAKE_PREFIX_PATH=${CMAKE_PREFIX_PATH}:/home/boss/Z4Ge/install/twist_stamper:/opt/ros/jazzy DEBUGINFOD_URLS=https://debuginfod.ubuntu.com /usr/bin/cmake /home/boss/Z4Ge/src/lidar_demo -DCMAKE_INSTALL_PREFIX=/home/boss/Z4Ge/install/lidar_demo
[0.688s] Invoking command in '/home/boss/Z4Ge/build/lidar_demo': CMAKE_PREFIX_PATH=${CMAKE_PREFIX_PATH}:/home/boss/Z4Ge/install/twist_stamper:/opt/ros/jazzy DEBUGINFOD_URLS=https://debuginfod.ubuntu.com /usr/bin/cmake --build /home/boss/Z4Ge/build/lidar_demo -- -j16 -l16
[0.734s] Invoked command in '/home/boss/Z4Ge/build/lidar_demo' returned '0': CMAKE_PREFIX_PATH=${CMAKE_PREFIX_PATH}:/home/boss/Z4Ge/install/twist_stamper:/opt/ros/jazzy DEBUGINFOD_URLS=https://debuginfod.ubuntu.com /usr/bin/cmake --build /home/boss/Z4Ge/build/lidar_demo -- -j16 -l16
[0.744s] Invoking command in '/home/boss/Z4Ge/build/lidar_demo': CMAKE_PREFIX_PATH=${CMAKE_PREFIX_PATH}:/home/boss/Z4Ge/install/twist_stamper:/opt/ros/jazzy DEBUGINFOD_URLS=https://debuginfod.ubuntu.com /usr/bin/cmake --install /home/boss/Z4Ge/build/lidar_demo
[0.753s] -- Install configuration: ""
[0.753s] -- Execute custom install script
[0.753s] -- Up-to-date symlink: /home/boss/Z4Ge/install/lidar_demo/share/lidar_demo/description/gazebo.xacro
[0.754s] -- Up-to-date symlink: /home/boss/Z4Ge/install/lidar_demo/share/lidar_demo/description/lidar.xacro
[0.754s] -- Up-to-date symlink: /home/boss/Z4Ge/install/lidar_demo/share/lidar_demo/description/materials.xacro
[0.754s] -- Up-to-date symlink: /home/boss/Z4Ge/install/lidar_demo/share/lidar_demo/description/robot.urdf.xacro
[0.754s] -- Up-to-date symlink: /home/boss/Z4Ge/install/lidar_demo/share/lidar_demo/description/robot_core.xacro
[0.754s] -- Up-to-date symlink: /home/boss/Z4Ge/install/lidar_demo/share/lidar_demo/description/ros2_control.xacro
[0.754s] -- Up-to-date symlink: /home/boss/Z4Ge/install/lidar_demo/share/lidar_demo/description/wheels.xacro
[0.754s] -- Up-to-date symlink: /home/boss/Z4Ge/install/lidar_demo/share/lidar_demo/launch/gazebo.launch.py
[0.754s] -- Up-to-date symlink: /home/boss/Z4Ge/install/lidar_demo/share/lidar_demo/launch/gazebo.launch.py.backup
[0.754s] -- Up-to-date symlink: /home/boss/Z4Ge/install/lidar_demo/share/lidar_demo/worlds/empty.sdf
[0.755s] -- Up-to-date symlink: /home/boss/Z4Ge/install/lidar_demo/share/lidar_demo/config/bridge.yaml
[0.755s] -- Up-to-date symlink: /home/boss/Z4Ge/install/lidar_demo/share/lidar_demo/config/controllers.yaml
[0.755s] -- Up-to-date symlink: /home/boss/Z4Ge/install/lidar_demo/share/ament_index/resource_index/package_run_dependencies/lidar_demo
[0.755s] -- Up-to-date symlink: /home/boss/Z4Ge/install/lidar_demo/share/ament_index/resource_index/parent_prefix_path/lidar_demo
[0.755s] -- Up-to-date symlink: /home/boss/Z4Ge/install/lidar_demo/share/lidar_demo/environment/ament_prefix_path.sh
[0.755s] -- Up-to-date symlink: /home/boss/Z4Ge/install/lidar_demo/share/lidar_demo/environment/ament_prefix_path.dsv
[0.755s] -- Up-to-date symlink: /home/boss/Z4Ge/install/lidar_demo/share/lidar_demo/environment/path.sh
[0.755s] -- Up-to-date symlink: /home/boss/Z4Ge/install/lidar_demo/share/lidar_demo/environment/path.dsv
[0.755s] -- Up-to-date symlink: /home/boss/Z4Ge/install/lidar_demo/share/lidar_demo/local_setup.bash
[0.756s] -- Up-to-date symlink: /home/boss/Z4Ge/install/lidar_demo/share/lidar_demo/local_setup.sh
[0.756s] -- Up-to-date symlink: /home/boss/Z4Ge/install/lidar_demo/share/lidar_demo/local_setup.zsh
[0.756s] -- Up-to-date symlink: /home/boss/Z4Ge/install/lidar_demo/share/lidar_demo/local_setup.dsv
[0.756s] -- Symlinking: /home/boss/Z4Ge/install/lidar_demo/share/lidar_demo/package.dsv
[0.767s] -- Up-to-date symlink: /home/boss/Z4Ge/install/lidar_demo/share/ament_index/resource_index/packages/lidar_demo
[0.767s] -- Up-to-date symlink: /home/boss/Z4Ge/install/lidar_demo/share/lidar_demo/cmake/lidar_demoConfig.cmake
[0.767s] -- Up-to-date symlink: /home/boss/Z4Ge/install/lidar_demo/share/lidar_demo/cmake/lidar_demoConfig-version.cmake
[0.767s] -- Up-to-date symlink: /home/boss/Z4Ge/install/lidar_demo/share/lidar_demo/package.xml
[0.769s] Invoked command in '/home/boss/Z4Ge/build/lidar_demo' returned '0': CMAKE_PREFIX_PATH=${CMAKE_PREFIX_PATH}:/home/boss/Z4Ge/install/twist_stamper:/opt/ros/jazzy DEBUGINFOD_URLS=https://debuginfod.ubuntu.com /usr/bin/cmake --install /home/boss/Z4Ge/build/lidar_demo
