[INFO] [launch]: All log files can be found below /home/boss/.ros/log/2026-07-12-18-15-48-908374-robo-134634
[INFO] [launch]: Default logging verbosity is set to INFO
[INFO] [gazebo-1]: process started with pid [134638]
[INFO] [robot_state_publisher-2]: process started with pid [134639]
[INFO] [create-3]: process started with pid [134640]
[INFO] [parameter_bridge-4]: process started with pid [134641]
[robot_state_publisher-2] [WARN] [1783860349.205864109] [kdl_parser]: The root link base_link has an inertia specified in the URDF, but KDL does not support a root link with an inertia.  As a workaround, you can add an extra dummy link to your URDF.
[robot_state_publisher-2] [INFO] [1783860349.205960788] [robot_state_publisher]: Robot initialized
[create-3] [INFO] [1783860349.214888261] [ros_gz_sim]: Requesting list of world names.
[parameter_bridge-4] [INFO] [1783860349.227732409] [ros_gz_bridge]: Creating GZ->ROS Bridge: [/clock (gz.msgs.Clock) -> /clock (rosgraph_msgs/msg/Clock)] (Lazy 0)
[parameter_bridge-4] [INFO] [1783860349.228801925] [ros_gz_bridge]: Creating GZ->ROS Bridge: [/scan (gz.msgs.LaserScan) -> /scan (sensor_msgs/msg/LaserScan)] (Lazy 0)
[create-3] [INFO] [1783860349.736343665] [ros_gz_sim]: Waiting messages on topic [robot_description].
[create-3] [INFO] [1783860349.747997512] [ros_gz_sim]: Entity creation successful.
[INFO] [create-3]: process has finished cleanly [pid 134640]
[gazebo-1] libEGL warning: pci id for fd 113: 10de:25a2, driver (null)
[gazebo-1] 
[gazebo-1] pci id for fd 114: 10de:25a2, driver (null)
[gazebo-1] pci id for fd 115: 10de:25a2, driver (null)
[gazebo-1] libEGL warning: egl: failed to create dri2 screen
[gazebo-1] libEGL warning: pci id for fd 113: 10de:25a2, driver (null)
[gazebo-1] 
[gazebo-1] pci id for fd 114: 10de:25a2, driver (null)
[gazebo-1] pci id for fd 115: 10de:25a2, driver (null)
[gazebo-1] libEGL warning: egl: failed to create dri2 screen
[gazebo-1] libEGL warning: pci id for fd 113: 10de:25a2, driver (null)
[gazebo-1] 
[gazebo-1] [1;33mWarning [Utils.cc:132][0m [/sdf/model[@name="lidar_demo"]/link[@name="base_link"]/sensor[@name="lidar_sensor"]/gz_frame_id:<urdf-string>:L0]: XML Element[gz_frame_id], child of element[sensor], not defined in SDF. Copying[gz_frame_id] as children of [sensor].
[gazebo-1] [INFO] [1783860351.450981035] [gz_ros_control]: Loading controller_manager
[gazebo-1] [INFO] [1783860351.463816117] [controller_manager]: Using ROS clock for triggering controller manager cycles.
[gazebo-1] [INFO] [1783860351.469127624] [controller_manager]: Subscribing to '/robot_description' topic for robot description.
[gazebo-1] [WARN] [1783860351.471899453] [gz_ros_control]: Waiting RM to load and initialize hardware...
[gazebo-1] [INFO] [1783860351.629366341] [controller_manager]: Received robot description from topic.
[gazebo-1] [INFO] [1783860351.629430831] [controller_manager]: Enforcing command limits is disabled. Command limits from URDF will be ignored.
[gazebo-1] [INFO] [1783860351.632806131] [gz_ros_control]: The position_proportional_gain has been set to: 0.1
[gazebo-1] [INFO] [1783860351.632860883] [gz_ros_control]: Loading joint: front_left_wheel_joint
[gazebo-1] [INFO] [1783860351.632874588] [gz_ros_control]: 	State:
[gazebo-1] [INFO] [1783860351.632881982] [gz_ros_control]: 		 position
[gazebo-1] [INFO] [1783860351.632887742] [gz_ros_control]: 		 velocity
[gazebo-1] [INFO] [1783860351.632896639] [gz_ros_control]: 	Command:
[gazebo-1] [INFO] [1783860351.632900196] [gz_ros_control]: 		 velocity
[gazebo-1] [INFO] [1783860351.632913651] [gz_ros_control]: Loading joint: front_right_wheel_joint
[gazebo-1] [INFO] [1783860351.632917838] [gz_ros_control]: 	State:
[gazebo-1] [INFO] [1783860351.632920964] [gz_ros_control]: 		 position
[gazebo-1] [INFO] [1783860351.632924461] [gz_ros_control]: 		 velocity
[gazebo-1] [INFO] [1783860351.632927466] [gz_ros_control]: 	Command:
[gazebo-1] [INFO] [1783860351.632930261] [gz_ros_control]: 		 velocity
[gazebo-1] [INFO] [1783860351.632937735] [gz_ros_control]: Loading joint: rear_left_wheel_joint
[gazebo-1] [INFO] [1783860351.632940971] [gz_ros_control]: 	State:
[gazebo-1] [INFO] [1783860351.632943947] [gz_ros_control]: 		 position
[gazebo-1] [INFO] [1783860351.632947413] [gz_ros_control]: 		 velocity
[gazebo-1] [INFO] [1783860351.632950329] [gz_ros_control]: 	Command:
[gazebo-1] [INFO] [1783860351.632953204] [gz_ros_control]: 		 velocity
[gazebo-1] [INFO] [1783860351.632960728] [gz_ros_control]: Loading joint: rear_right_wheel_joint
[gazebo-1] [INFO] [1783860351.632964866] [gz_ros_control]: 	State:
[gazebo-1] [INFO] [1783860351.632968492] [gz_ros_control]: 		 position
[gazebo-1] [INFO] [1783860351.632971368] [gz_ros_control]: 		 velocity
[gazebo-1] [INFO] [1783860351.632974183] [gz_ros_control]: 	Command:
[gazebo-1] [INFO] [1783860351.632978000] [gz_ros_control]: 		 velocity
[gazebo-1] [INFO] [1783860351.633093014] [controller_manager]: Initialize hardware 'GazeboSystem' 
[gazebo-1] [WARN] [1783860351.633118311] [controller_manager.hardware_component.system.GazeboSystem]: Executor is not available during hardware component initialization for 'GazeboSystem'. Skipping node creation!
[gazebo-1] [INFO] [1783860351.633194162] [controller_manager]: Successful initialization of hardware 'GazeboSystem'
[gazebo-1] [INFO] [1783860351.633322560] [controller_manager]: Activating component 'GazeboSystem'.
[gazebo-1] [INFO] [1783860351.633339632] [resource_manager]: 'configure' hardware 'GazeboSystem' 
[gazebo-1] [INFO] [1783860351.633344872] [gz_ros_control]: System Successfully configured!
[gazebo-1] [INFO] [1783860351.633349931] [resource_manager]: Successful 'configure' of hardware 'GazeboSystem'
[gazebo-1] [INFO] [1783860351.633356533] [resource_manager]: 'activate' hardware 'GazeboSystem' 
[gazebo-1] [INFO] [1783860351.633370279] [resource_manager]: Successful 'activate' of hardware 'GazeboSystem'
[gazebo-1] [WARN] [1783860351.633443956] [controller_manager]: Component 'GazeboSystem' does not have read or write statistics initialized, skipping registration.
[gazebo-1] [INFO] [1783860351.633453373] [controller_manager]: Resource Manager has been successfully initialized. Starting Controller Manager services...
[INFO] [spawner-5]: process started with pid [134831]
[spawner-5] [INFO] [1783860352.542994213] [spawner_joint_state_broadcaster]: waiting for service /controller_manager/list_controllers to become available...
[gazebo-1] [INFO] [1783860352.795148084] [controller_manager]: Loading controller : 'joint_state_broadcaster' of type 'joint_state_broadcaster/JointStateBroadcaster'
[gazebo-1] [INFO] [1783860352.795199640] [controller_manager]: Loading controller 'joint_state_broadcaster'
[gazebo-1] [INFO] [1783860352.800229373] [controller_manager]: Controller 'joint_state_broadcaster' node arguments: --ros-args --params-file /home/boss/Z4Ge/install/lidar_demo/share/lidar_demo/config/controllers.yaml -p use_sim_time:=true --param use_sim_time:=true 
[spawner-5] [INFO] [1783860352.811132627] [spawner_joint_state_broadcaster]: Loaded joint_state_broadcaster
[gazebo-1] [INFO] [1783860352.812069067] [controller_manager]: Configuring controller: 'joint_state_broadcaster'
[gazebo-1] [INFO] [1783860352.812305446] [joint_state_broadcaster]: 'joints' or 'interfaces' parameter is empty. All available state interfaces will be published
[gazebo-1] [INFO] [1783860352.824020579] [controller_manager]: Activating controllers: [ joint_state_broadcaster ]
[gazebo-1] [WARN] [1783860353.491276325] [gz_ros_control]:  Desired controller update period (0.01 s) is slower than the gazebo simulation period (0.001 s).
[gazebo-1] [INFO] [1783860353.499407600] [controller_manager]: Successfully switched controllers!
[spawner-5] [INFO] [1783860353.510977453] [spawner_joint_state_broadcaster]: Configured and activated joint_state_broadcaster
[gazebo-1] [1;33mWarning [Utils.cc:132][0m [/sdf/model[@name="lidar_demo"]/link[@name="base_link"]/sensor[@name="lidar_sensor"]/gz_frame_id:<data-string>:L94]: XML Element[gz_frame_id], child of element[sensor], not defined in SDF. Copying[gz_frame_id] as children of [sensor].
[INFO] [spawner-5]: process has finished cleanly [pid 134831]
[INFO] [spawner-6]: process started with pid [134869]
[spawner-6] [INFO] [1783860354.568864681] [spawner_diff_drive_controller]: waiting for service /controller_manager/list_controllers to become available...
[gazebo-1] [INFO] [1783860354.821255428] [controller_manager]: Loading controller : 'diff_drive_controller' of type 'diff_drive_controller/DiffDriveController'
[gazebo-1] [INFO] [1783860354.821317103] [controller_manager]: Loading controller 'diff_drive_controller'
[gazebo-1] [INFO] [1783860354.825318226] [controller_manager]: Controller 'diff_drive_controller' node arguments: --ros-args --params-file /home/boss/Z4Ge/install/lidar_demo/share/lidar_demo/config/controllers.yaml -p use_sim_time:=true --param use_sim_time:=true 
[spawner-6] [INFO] [1783860354.840524675] [spawner_diff_drive_controller]: Loaded diff_drive_controller
[gazebo-1] [INFO] [1783860354.841702173] [controller_manager]: Configuring controller: 'diff_drive_controller'
[gazebo-1] [INFO] [1783860354.860776508] [controller_manager]: Activating controllers: [ diff_drive_controller ]
[gazebo-1] [INFO] [1783860354.869311815] [controller_manager]: Successfully switched controllers!
[spawner-6] [INFO] [1783860354.880758670] [spawner_diff_drive_controller]: Configured and activated diff_drive_controller
[INFO] [spawner-6]: process has finished cleanly [pid 134869]
[WARNING] [launch]: user interrupted with ctrl-c (SIGINT)
[parameter_bridge-4] [INFO] [1783860363.617551441] [rclcpp]: signal_handler(SIGINT/SIGTERM)
[robot_state_publisher-2] [INFO] [1783860363.617546923] [rclcpp]: signal_handler(SIGINT/SIGTERM)
[INFO] [robot_state_publisher-2]: process has finished cleanly [pid 134639]
[INFO] [parameter_bridge-4]: process has finished cleanly [pid 134641]
[gazebo-1] [INFO] [1783860364.080499238] [controller_manager.pal_statistics]: Async messages lost 0
[gazebo-1] [INFO] [1783860364.080551615] [controller_manager.pal_statistics]: publish_async_failures_ 0
[gazebo-1] [INFO] [1783860364.081716520] [controller_manager.pal_statistics]: Async messages lost 0
[gazebo-1] [INFO] [1783860364.081735725] [controller_manager.pal_statistics]: publish_async_failures_ 0
[ERROR] [gazebo-1]: process has died [pid 134638, exit code -2, cmd 'ruby /opt/ros/jazzy/opt/gz_tools_vendor/bin/gz sim /home/boss/Z4Ge/install/lidar_demo/share/lidar_demo/worlds/empty.sdf -r --force-version 8'].
