[0.017s] Invoking command in '/home/boss/Z4Ge/build/lidar_demo': CMAKE_PREFIX_PATH=${CMAKE_PREFIX_PATH}:/home/boss/Z4Ge/install/twist_stamper:/opt/ros/jazzy DEBUGINFOD_URLS=https://debuginfod.ubuntu.com /usr/bin/cmake /home/boss/Z4Ge/src/lidar_demo -DAMENT_CMAKE_SYMLINK_INSTALL=1 -DCMAKE_INSTALL_PREFIX=/home/boss/Z4Ge/install/lidar_demo
[0.087s] -- The C compiler identification is GNU 13.3.0
[0.159s] -- The CXX compiler identification is GNU 13.3.0
[0.180s] -- Detecting C compiler ABI info
[0.279s] -- Detecting C compiler ABI info - done
[0.286s] -- Check for working C compiler: /usr/bin/cc - skipped
[0.286s] -- Detecting C compile features
[0.287s] -- Detecting C compile features - done
[0.296s] -- Detecting CXX compiler ABI info
[0.396s] -- Detecting CXX compiler ABI info - done
[0.403s] -- Check for working CXX compiler: /usr/bin/c++ - skipped
[0.403s] -- Detecting CXX compile features
[0.403s] -- Detecting CXX compile features - done
[0.408s] -- Found ament_cmake: 2.5.6 (/opt/ros/jazzy/share/ament_cmake/cmake)
[0.547s] -- Found Python3: /usr/bin/python3 (found version "3.12.3") found components: Interpreter 
[0.611s] -- Override CMake install command with custom implementation using symlinks instead of copying resources
[0.662s] -- Found xacro: 2.1.1 (/opt/ros/jazzy/share/xacro/cmake)
[0.666s] -- Found robot_state_publisher: 3.3.4 (/opt/ros/jazzy/share/robot_state_publisher/cmake)
[0.716s] -- Found rosidl_generator_c: 4.6.9 (/opt/ros/jazzy/share/rosidl_generator_c/cmake)
[0.732s] -- Found rosidl_generator_cpp: 4.6.9 (/opt/ros/jazzy/share/rosidl_generator_cpp/cmake)
[0.752s] -- Using all available rosidl_typesupport_c: rosidl_typesupport_fastrtps_c;rosidl_typesupport_introspection_c
[0.773s] -- Using all available rosidl_typesupport_cpp: rosidl_typesupport_fastrtps_cpp;rosidl_typesupport_introspection_cpp
[0.872s] -- Found rmw_implementation_cmake: 7.3.3 (/opt/ros/jazzy/share/rmw_implementation_cmake/cmake)
[0.877s] -- Found rmw_fastrtps_cpp: 8.4.4 (/opt/ros/jazzy/share/rmw_fastrtps_cpp/cmake)
[0.980s] -- Found OpenSSL: /usr/lib/x86_64-linux-gnu/libcrypto.so (found version "3.0.13")  
[1.000s] -- Found FastRTPS: /opt/ros/jazzy/include (Required is at least version "2.13") 
[1.022s] -- Using RMW implementation 'rmw_fastrtps_cpp' as default
[1.321s] -- Found ros_gz_sim: 1.0.22 (/opt/ros/jazzy/share/ros_gz_sim/cmake)
[1.327s] -- Found ament_lint_auto: 0.17.5 (/opt/ros/jazzy/share/ament_lint_auto/cmake)
[1.425s] -- Added test 'flake8' to check Python code syntax and style conventions
[1.425s] -- Configured 'flake8' exclude dirs and/or files: 
[1.426s] -- Added test 'lint_cmake' to check CMake code style
[1.427s] -- Added test 'pep257' to check Python code against some of the docstring style conventions in PEP 257
[1.428s] -- Added test 'xmllint' to check XML markup files
[1.430s] -- Configuring done (1.4s)
[1.435s] -- Generating done (0.0s)
[1.437s] -- Build files have been written to: /home/boss/Z4Ge/build/lidar_demo
[1.447s] Invoked command in '/home/boss/Z4Ge/build/lidar_demo' returned '0': CMAKE_PREFIX_PATH=${CMAKE_PREFIX_PATH}:/home/boss/Z4Ge/install/twist_stamper:/opt/ros/jazzy DEBUGINFOD_URLS=https://debuginfod.ubuntu.com /usr/bin/cmake /home/boss/Z4Ge/src/lidar_demo -DAMENT_CMAKE_SYMLINK_INSTALL=1 -DCMAKE_INSTALL_PREFIX=/home/boss/Z4Ge/install/lidar_demo
[1.448s] Invoking command in '/home/boss/Z4Ge/build/lidar_demo': CMAKE_PREFIX_PATH=${CMAKE_PREFIX_PATH}:/home/boss/Z4Ge/install/twist_stamper:/opt/ros/jazzy DEBUGINFOD_URLS=https://debuginfod.ubuntu.com /usr/bin/cmake --build /home/boss/Z4Ge/build/lidar_demo -- -j16 -l16
[1.494s] Invoked command in '/home/boss/Z4Ge/build/lidar_demo' returned '0': CMAKE_PREFIX_PATH=${CMAKE_PREFIX_PATH}:/home/boss/Z4Ge/install/twist_stamper:/opt/ros/jazzy DEBUGINFOD_URLS=https://debuginfod.ubuntu.com /usr/bin/cmake --build /home/boss/Z4Ge/build/lidar_demo -- -j16 -l16
[1.495s] Invoking command in '/home/boss/Z4Ge/build/lidar_demo': CMAKE_PREFIX_PATH=${CMAKE_PREFIX_PATH}:/home/boss/Z4Ge/install/twist_stamper:/opt/ros/jazzy DEBUGINFOD_URLS=https://debuginfod.ubuntu.com /usr/bin/cmake --install /home/boss/Z4Ge/build/lidar_demo
[1.503s] -- Install configuration: ""
[1.504s] -- Execute custom install script
[1.505s] -- Symlinking: /home/boss/Z4Ge/install/lidar_demo/share/lidar_demo/description/gazebo.xacro
[1.514s] -- Symlinking: /home/boss/Z4Ge/install/lidar_demo/share/lidar_demo/description/lidar.xacro
[1.524s] -- Symlinking: /home/boss/Z4Ge/install/lidar_demo/share/lidar_demo/description/materials.xacro
[1.534s] -- Symlinking: /home/boss/Z4Ge/install/lidar_demo/share/lidar_demo/description/robot.urdf.xacro
[1.545s] -- Symlinking: /home/boss/Z4Ge/install/lidar_demo/share/lidar_demo/description/robot_core.xacro
[1.556s] -- Symlinking: /home/boss/Z4Ge/install/lidar_demo/share/lidar_demo/description/ros2_control.xacro
[1.566s] -- Symlinking: /home/boss/Z4Ge/install/lidar_demo/share/lidar_demo/description/wheels.xacro
[1.575s] -- Symlinking: /home/boss/Z4Ge/install/lidar_demo/share/lidar_demo/launch/gazebo.launch.py
[1.584s] -- Symlinking: /home/boss/Z4Ge/install/lidar_demo/share/lidar_demo/launch/gazebo.launch.py.backup
[1.594s] -- Symlinking: /home/boss/Z4Ge/install/lidar_demo/share/lidar_demo/worlds/empty.sdf
[1.604s] -- Symlinking: /home/boss/Z4Ge/install/lidar_demo/share/lidar_demo/config/bridge.yaml
[1.614s] -- Symlinking: /home/boss/Z4Ge/install/lidar_demo/share/lidar_demo/config/controllers.yaml
[1.623s] -- Symlinking: /home/boss/Z4Ge/install/lidar_demo/share/ament_index/resource_index/package_run_dependencies/lidar_demo
[1.632s] -- Symlinking: /home/boss/Z4Ge/install/lidar_demo/share/ament_index/resource_index/parent_prefix_path/lidar_demo
[1.641s] -- Symlinking: /home/boss/Z4Ge/install/lidar_demo/share/lidar_demo/environment/ament_prefix_path.sh
[1.651s] -- Symlinking: /home/boss/Z4Ge/install/lidar_demo/share/lidar_demo/environment/ament_prefix_path.dsv
[1.660s] -- Symlinking: /home/boss/Z4Ge/install/lidar_demo/share/lidar_demo/environment/path.sh
[1.668s] -- Symlinking: /home/boss/Z4Ge/install/lidar_demo/share/lidar_demo/environment/path.dsv
[1.677s] -- Symlinking: /home/boss/Z4Ge/install/lidar_demo/share/lidar_demo/local_setup.bash
[1.686s] -- Symlinking: /home/boss/Z4Ge/install/lidar_demo/share/lidar_demo/local_setup.sh
[1.699s] -- Symlinking: /home/boss/Z4Ge/install/lidar_demo/share/lidar_demo/local_setup.zsh
[1.709s] -- Symlinking: /home/boss/Z4Ge/install/lidar_demo/share/lidar_demo/local_setup.dsv
[1.720s] -- Symlinking: /home/boss/Z4Ge/install/lidar_demo/share/lidar_demo/package.dsv
[1.730s] -- Symlinking: /home/boss/Z4Ge/install/lidar_demo/share/ament_index/resource_index/packages/lidar_demo
[1.740s] -- Symlinking: /home/boss/Z4Ge/install/lidar_demo/share/lidar_demo/cmake/lidar_demoConfig.cmake
[1.750s] -- Symlinking: /home/boss/Z4Ge/install/lidar_demo/share/lidar_demo/cmake/lidar_demoConfig-version.cmake
[1.760s] -- Symlinking: /home/boss/Z4Ge/install/lidar_demo/share/lidar_demo/package.xml
[1.772s] Invoked command in '/home/boss/Z4Ge/build/lidar_demo' returned '0': CMAKE_PREFIX_PATH=${CMAKE_PREFIX_PATH}:/home/boss/Z4Ge/install/twist_stamper:/opt/ros/jazzy DEBUGINFOD_URLS=https://debuginfod.ubuntu.com /usr/bin/cmake --install /home/boss/Z4Ge/build/lidar_demo
