-- Install configuration: ""
-- Execute custom install script
-- Up-to-date symlink: /home/boss/Z4Ge/install/lidar_demo/share/lidar_demo/description/gazebo.xacro
-- Up-to-date symlink: /home/boss/Z4Ge/install/lidar_demo/share/lidar_demo/description/lidar.xacro
-- Up-to-date symlink: /home/boss/Z4Ge/install/lidar_demo/share/lidar_demo/description/materials.xacro
-- Up-to-date symlink: /home/boss/Z4Ge/install/lidar_demo/share/lidar_demo/description/robot.urdf.xacro
-- Up-to-date symlink: /home/boss/Z4Ge/install/lidar_demo/share/lidar_demo/description/robot_core.xacro
-- Up-to-date symlink: /home/boss/Z4Ge/install/lidar_demo/share/lidar_demo/description/ros2_control.xacro
-- Up-to-date symlink: /home/boss/Z4Ge/install/lidar_demo/share/lidar_demo/description/wheels.xacro
-- Up-to-date symlink: /home/boss/Z4Ge/install/lidar_demo/share/lidar_demo/launch/gazebo.launch.py
-- Up-to-date symlink: /home/boss/Z4Ge/install/lidar_demo/share/lidar_demo/launch/gazebo.launch.py.backup
-- Up-to-date symlink: /home/boss/Z4Ge/install/lidar_demo/share/lidar_demo/launch/slam.launch.py
-- Up-to-date symlink: /home/boss/Z4Ge/install/lidar_demo/share/lidar_demo/worlds/empty.sdf
-- Up-to-date symlink: /home/boss/Z4Ge/install/lidar_demo/share/lidar_demo/config/bridge.yaml
-- Up-to-date symlink: /home/boss/Z4Ge/install/lidar_demo/share/lidar_demo/config/controllers.yaml
-- Up-to-date symlink: /home/boss/Z4Ge/install/lidar_demo/share/lidar_demo/config/mapper_params_online_async.yaml
-- Up-to-date symlink: /home/boss/Z4Ge/install/lidar_demo/share/ament_index/resource_index/package_run_dependencies/lidar_demo
-- Up-to-date symlink: /home/boss/Z4Ge/install/lidar_demo/share/ament_index/resource_index/parent_prefix_path/lidar_demo
-- Up-to-date symlink: /home/boss/Z4Ge/install/lidar_demo/share/lidar_demo/environment/ament_prefix_path.sh
-- Up-to-date symlink: /home/boss/Z4Ge/install/lidar_demo/share/lidar_demo/environment/ament_prefix_path.dsv
-- Up-to-date symlink: /home/boss/Z4Ge/install/lidar_demo/share/lidar_demo/environment/path.sh
-- Up-to-date symlink: /home/boss/Z4Ge/install/lidar_demo/share/lidar_demo/environment/path.dsv
-- Up-to-date symlink: /home/boss/Z4Ge/install/lidar_demo/share/lidar_demo/local_setup.bash
-- Up-to-date symlink: /home/boss/Z4Ge/install/lidar_demo/share/lidar_demo/local_setup.sh
-- Up-to-date symlink: /home/boss/Z4Ge/install/lidar_demo/share/lidar_demo/local_setup.zsh
-- Up-to-date symlink: /home/boss/Z4Ge/install/lidar_demo/share/lidar_demo/local_setup.dsv
-- Symlinking: /home/boss/Z4Ge/install/lidar_demo/share/lidar_demo/package.dsv
-- Up-to-date symlink: /home/boss/Z4Ge/install/lidar_demo/share/ament_index/resource_index/packages/lidar_demo
-- Up-to-date symlink: /home/boss/Z4Ge/install/lidar_demo/share/lidar_demo/cmake/lidar_demoConfig.cmake
-- Up-to-date symlink: /home/boss/Z4Ge/install/lidar_demo/share/lidar_demo/cmake/lidar_demoConfig-version.cmake
-- Up-to-date symlink: /home/boss/Z4Ge/install/lidar_demo/share/lidar_demo/package.xml
