[0.177s] DEBUG:colcon:Command line arguments: ['/usr/bin/colcon', 'build', '--symlink-install']
[0.177s] DEBUG:colcon:Parsed command line arguments: Namespace(log_base=None, log_level=None, verb_name='build', build_base='build', install_base='install', merge_install=False, symlink_install=True, test_result_base=None, continue_on_error=False, executor='parallel', parallel_workers=16, event_handlers=None, ignore_user_meta=False, metas=['./colcon.meta'], base_paths=['.'], packages_ignore=None, packages_ignore_regex=None, paths=None, packages_up_to=None, packages_up_to_regex=None, packages_above=None, packages_above_and_dependencies=None, packages_above_depth=None, packages_select_by_dep=None, packages_skip_by_dep=None, packages_skip_up_to=None, packages_select_build_failed=False, packages_skip_build_finished=False, packages_select_test_failures=False, packages_skip_test_passed=False, packages_select=None, packages_skip=None, packages_select_regex=None, packages_skip_regex=None, packages_start=None, packages_end=None, allow_overriding=[], cmake_args=None, cmake_target=None, cmake_target_skip_unavailable=False, cmake_clean_cache=False, cmake_clean_first=False, cmake_force_configure=False, ament_cmake_args=None, catkin_cmake_args=None, catkin_skip_building_tests=False, verb_parser=<colcon_defaults.argument_parser.defaults.DefaultArgumentsDecorator object at 0x729280a029c0>, verb_extension=<colcon_core.verb.build.BuildVerb object at 0x729280a028d0>, main=<bound method BuildVerb.main of <colcon_core.verb.build.BuildVerb object at 0x729280a028d0>>)
[0.226s] Level 1:colcon.colcon_core.package_discovery:discover_packages(colcon_meta) check parameters
[0.226s] Level 1:colcon.colcon_core.package_discovery:discover_packages(recursive) check parameters
[0.226s] Level 1:colcon.colcon_core.package_discovery:discover_packages(ignore) check parameters
[0.226s] Level 1:colcon.colcon_core.package_discovery:discover_packages(path) check parameters
[0.226s] Level 1:colcon.colcon_core.package_discovery:discover_packages(colcon_meta) discover
[0.226s] Level 1:colcon.colcon_core.package_discovery:discover_packages(recursive) discover
[0.226s] INFO:colcon.colcon_core.package_discovery:Crawling recursively for packages in '/home/boss/Z4Ge'
[0.226s] Level 1:colcon.colcon_core.package_identification:_identify(.) by extensions ['ignore', 'ignore_ament_install']
[0.226s] Level 1:colcon.colcon_core.package_identification:_identify(.) by extension 'ignore'
[0.227s] Level 1:colcon.colcon_core.package_identification:_identify(.) by extension 'ignore_ament_install'
[0.227s] Level 1:colcon.colcon_core.package_identification:_identify(.) by extensions ['colcon_pkg']
[0.227s] Level 1:colcon.colcon_core.package_identification:_identify(.) by extension 'colcon_pkg'
[0.227s] Level 1:colcon.colcon_core.package_identification:_identify(.) by extensions ['colcon_meta']
[0.227s] Level 1:colcon.colcon_core.package_identification:_identify(.) by extension 'colcon_meta'
[0.227s] Level 1:colcon.colcon_core.package_identification:_identify(.) by extensions ['ros']
[0.227s] Level 1:colcon.colcon_core.package_identification:_identify(.) by extension 'ros'
[0.253s] Level 1:colcon.colcon_core.package_identification:_identify(.) by extensions ['cmake', 'python']
[0.253s] Level 1:colcon.colcon_core.package_identification:_identify(.) by extension 'cmake'
[0.253s] Level 1:colcon.colcon_core.package_identification:_identify(.) by extension 'python'
[0.253s] Level 1:colcon.colcon_core.package_identification:_identify(.) by extensions ['python_setup_py']
[0.253s] Level 1:colcon.colcon_core.package_identification:_identify(.) by extension 'python_setup_py'
[0.253s] Level 1:colcon.colcon_core.package_identification:_identify(build) by extensions ['ignore', 'ignore_ament_install']
[0.253s] Level 1:colcon.colcon_core.package_identification:_identify(build) by extension 'ignore'
[0.253s] Level 1:colcon.colcon_core.package_identification:_identify(build) ignored
[0.253s] Level 1:colcon.colcon_core.package_identification:_identify(install) by extensions ['ignore', 'ignore_ament_install']
[0.253s] Level 1:colcon.colcon_core.package_identification:_identify(install) by extension 'ignore'
[0.253s] Level 1:colcon.colcon_core.package_identification:_identify(install) ignored
[0.253s] Level 1:colcon.colcon_core.package_identification:_identify(log) by extensions ['ignore', 'ignore_ament_install']
[0.254s] Level 1:colcon.colcon_core.package_identification:_identify(log) by extension 'ignore'
[0.254s] Level 1:colcon.colcon_core.package_identification:_identify(log) ignored
[0.254s] Level 1:colcon.colcon_core.package_identification:_identify(src) by extensions ['ignore', 'ignore_ament_install']
[0.254s] Level 1:colcon.colcon_core.package_identification:_identify(src) by extension 'ignore'
[0.254s] Level 1:colcon.colcon_core.package_identification:_identify(src) by extension 'ignore_ament_install'
[0.254s] Level 1:colcon.colcon_core.package_identification:_identify(src) by extensions ['colcon_pkg']
[0.254s] Level 1:colcon.colcon_core.package_identification:_identify(src) by extension 'colcon_pkg'
[0.254s] Level 1:colcon.colcon_core.package_identification:_identify(src) by extensions ['colcon_meta']
[0.254s] Level 1:colcon.colcon_core.package_identification:_identify(src) by extension 'colcon_meta'
[0.254s] Level 1:colcon.colcon_core.package_identification:_identify(src) by extensions ['ros']
[0.254s] Level 1:colcon.colcon_core.package_identification:_identify(src) by extension 'ros'
[0.254s] Level 1:colcon.colcon_core.package_identification:_identify(src) by extensions ['cmake', 'python']
[0.254s] Level 1:colcon.colcon_core.package_identification:_identify(src) by extension 'cmake'
[0.254s] Level 1:colcon.colcon_core.package_identification:_identify(src) by extension 'python'
[0.254s] Level 1:colcon.colcon_core.package_identification:_identify(src) by extensions ['python_setup_py']
[0.254s] Level 1:colcon.colcon_core.package_identification:_identify(src) by extension 'python_setup_py'
[0.254s] Level 1:colcon.colcon_core.package_identification:_identify(src/autonomous_car) by extensions ['ignore', 'ignore_ament_install']
[0.255s] Level 1:colcon.colcon_core.package_identification:_identify(src/autonomous_car) by extension 'ignore'
[0.255s] Level 1:colcon.colcon_core.package_identification:_identify(src/autonomous_car) by extension 'ignore_ament_install'
[0.255s] Level 1:colcon.colcon_core.package_identification:_identify(src/autonomous_car) by extensions ['colcon_pkg']
[0.255s] Level 1:colcon.colcon_core.package_identification:_identify(src/autonomous_car) by extension 'colcon_pkg'
[0.255s] Level 1:colcon.colcon_core.package_identification:_identify(src/autonomous_car) by extensions ['colcon_meta']
[0.255s] Level 1:colcon.colcon_core.package_identification:_identify(src/autonomous_car) by extension 'colcon_meta'
[0.255s] Level 1:colcon.colcon_core.package_identification:_identify(src/autonomous_car) by extensions ['ros']
[0.255s] Level 1:colcon.colcon_core.package_identification:_identify(src/autonomous_car) by extension 'ros'
[0.258s] DEBUG:colcon.colcon_core.package_identification:Package 'src/autonomous_car' with type 'ros.ament_cmake' and name 'autonomous_car'
[0.258s] Level 1:colcon.colcon_core.package_identification:_identify(src/lidar_demo) by extensions ['ignore', 'ignore_ament_install']
[0.258s] Level 1:colcon.colcon_core.package_identification:_identify(src/lidar_demo) by extension 'ignore'
[0.258s] Level 1:colcon.colcon_core.package_identification:_identify(src/lidar_demo) by extension 'ignore_ament_install'
[0.258s] Level 1:colcon.colcon_core.package_identification:_identify(src/lidar_demo) by extensions ['colcon_pkg']
[0.258s] Level 1:colcon.colcon_core.package_identification:_identify(src/lidar_demo) by extension 'colcon_pkg'
[0.258s] Level 1:colcon.colcon_core.package_identification:_identify(src/lidar_demo) by extensions ['colcon_meta']
[0.258s] Level 1:colcon.colcon_core.package_identification:_identify(src/lidar_demo) by extension 'colcon_meta'
[0.258s] Level 1:colcon.colcon_core.package_identification:_identify(src/lidar_demo) by extensions ['ros']
[0.258s] Level 1:colcon.colcon_core.package_identification:_identify(src/lidar_demo) by extension 'ros'
[0.259s] DEBUG:colcon.colcon_core.package_identification:Package 'src/lidar_demo' with type 'ros.ament_cmake' and name 'lidar_demo'
[0.259s] Level 1:colcon.colcon_core.package_identification:_identify(src/twist_stamper) by extensions ['ignore', 'ignore_ament_install']
[0.259s] Level 1:colcon.colcon_core.package_identification:_identify(src/twist_stamper) by extension 'ignore'
[0.259s] Level 1:colcon.colcon_core.package_identification:_identify(src/twist_stamper) by extension 'ignore_ament_install'
[0.259s] Level 1:colcon.colcon_core.package_identification:_identify(src/twist_stamper) by extensions ['colcon_pkg']
[0.259s] Level 1:colcon.colcon_core.package_identification:_identify(src/twist_stamper) by extension 'colcon_pkg'
[0.259s] Level 1:colcon.colcon_core.package_identification:_identify(src/twist_stamper) by extensions ['colcon_meta']
[0.259s] Level 1:colcon.colcon_core.package_identification:_identify(src/twist_stamper) by extension 'colcon_meta'
[0.260s] Level 1:colcon.colcon_core.package_identification:_identify(src/twist_stamper) by extensions ['ros']
[0.260s] Level 1:colcon.colcon_core.package_identification:_identify(src/twist_stamper) by extension 'ros'
[0.260s] DEBUG:colcon.colcon_core.package_identification:Package 'src/twist_stamper' with type 'ros.ament_python' and name 'twist_stamper'
[0.260s] Level 1:colcon.colcon_core.package_discovery:discover_packages(recursive) using defaults
[0.260s] Level 1:colcon.colcon_core.package_discovery:discover_packages(ignore) discover
[0.260s] Level 1:colcon.colcon_core.package_discovery:discover_packages(ignore) using defaults
[0.260s] Level 1:colcon.colcon_core.package_discovery:discover_packages(path) discover
[0.260s] Level 1:colcon.colcon_core.package_discovery:discover_packages(path) using defaults
[0.282s] Level 1:colcon.colcon_core.package_discovery:discover_packages(prefix_path) check parameters
[0.282s] Level 1:colcon.colcon_core.package_discovery:discover_packages(prefix_path) discover
[0.285s] DEBUG:colcon.colcon_installed_package_information.package_discovery:Found 3 installed packages in /home/boss/Z4Ge/install
[0.285s] DEBUG:colcon.colcon_installed_package_information.package_discovery:Found 0 installed packages in /home/boss/ros2_ws/install
[0.288s] DEBUG:colcon.colcon_installed_package_information.package_discovery:Found 377 installed packages in /opt/ros/jazzy
[0.289s] Level 1:colcon.colcon_core.package_discovery:discover_packages(prefix_path) using defaults
[0.347s] Level 5:colcon.colcon_core.verb:set package 'autonomous_car' build argument 'cmake_args' from command line to 'None'
[0.347s] Level 5:colcon.colcon_core.verb:set package 'autonomous_car' build argument 'cmake_target' from command line to 'None'
[0.347s] Level 5:colcon.colcon_core.verb:set package 'autonomous_car' build argument 'cmake_target_skip_unavailable' from command line to 'False'
[0.347s] Level 5:colcon.colcon_core.verb:set package 'autonomous_car' build argument 'cmake_clean_cache' from command line to 'False'
[0.347s] Level 5:colcon.colcon_core.verb:set package 'autonomous_car' build argument 'cmake_clean_first' from command line to 'False'
[0.348s] Level 5:colcon.colcon_core.verb:set package 'autonomous_car' build argument 'cmake_force_configure' from command line to 'False'
[0.348s] Level 5:colcon.colcon_core.verb:set package 'autonomous_car' build argument 'ament_cmake_args' from command line to 'None'
[0.348s] Level 5:colcon.colcon_core.verb:set package 'autonomous_car' build argument 'catkin_cmake_args' from command line to 'None'
[0.348s] Level 5:colcon.colcon_core.verb:set package 'autonomous_car' build argument 'catkin_skip_building_tests' from command line to 'False'
[0.348s] DEBUG:colcon.colcon_core.verb:Building package 'autonomous_car' with the following arguments: {'ament_cmake_args': None, 'build_base': '/home/boss/Z4Ge/build/autonomous_car', 'catkin_cmake_args': None, 'catkin_skip_building_tests': False, 'cmake_args': None, 'cmake_clean_cache': False, 'cmake_clean_first': False, 'cmake_force_configure': False, 'cmake_target': None, 'cmake_target_skip_unavailable': False, 'install_base': '/home/boss/Z4Ge/install/autonomous_car', 'merge_install': False, 'path': '/home/boss/Z4Ge/src/autonomous_car', 'symlink_install': True, 'test_result_base': None}
[0.348s] Level 5:colcon.colcon_core.verb:set package 'lidar_demo' build argument 'cmake_args' from command line to 'None'
[0.348s] Level 5:colcon.colcon_core.verb:set package 'lidar_demo' build argument 'cmake_target' from command line to 'None'
[0.348s] Level 5:colcon.colcon_core.verb:set package 'lidar_demo' build argument 'cmake_target_skip_unavailable' from command line to 'False'
[0.348s] Level 5:colcon.colcon_core.verb:set package 'lidar_demo' build argument 'cmake_clean_cache' from command line to 'False'
[0.348s] Level 5:colcon.colcon_core.verb:set package 'lidar_demo' build argument 'cmake_clean_first' from command line to 'False'
[0.348s] Level 5:colcon.colcon_core.verb:set package 'lidar_demo' build argument 'cmake_force_configure' from command line to 'False'
[0.348s] Level 5:colcon.colcon_core.verb:set package 'lidar_demo' build argument 'ament_cmake_args' from command line to 'None'
[0.348s] Level 5:colcon.colcon_core.verb:set package 'lidar_demo' build argument 'catkin_cmake_args' from command line to 'None'
[0.348s] Level 5:colcon.colcon_core.verb:set package 'lidar_demo' build argument 'catkin_skip_building_tests' from command line to 'False'
[0.348s] DEBUG:colcon.colcon_core.verb:Building package 'lidar_demo' with the following arguments: {'ament_cmake_args': None, 'build_base': '/home/boss/Z4Ge/build/lidar_demo', 'catkin_cmake_args': None, 'catkin_skip_building_tests': False, 'cmake_args': None, 'cmake_clean_cache': False, 'cmake_clean_first': False, 'cmake_force_configure': False, 'cmake_target': None, 'cmake_target_skip_unavailable': False, 'install_base': '/home/boss/Z4Ge/install/lidar_demo', 'merge_install': False, 'path': '/home/boss/Z4Ge/src/lidar_demo', 'symlink_install': True, 'test_result_base': None}
[0.348s] Level 5:colcon.colcon_core.verb:set package 'twist_stamper' build argument 'cmake_args' from command line to 'None'
[0.348s] Level 5:colcon.colcon_core.verb:set package 'twist_stamper' build argument 'cmake_target' from command line to 'None'
[0.348s] Level 5:colcon.colcon_core.verb:set package 'twist_stamper' build argument 'cmake_target_skip_unavailable' from command line to 'False'
[0.348s] Level 5:colcon.colcon_core.verb:set package 'twist_stamper' build argument 'cmake_clean_cache' from command line to 'False'
[0.348s] Level 5:colcon.colcon_core.verb:set package 'twist_stamper' build argument 'cmake_clean_first' from command line to 'False'
[0.348s] Level 5:colcon.colcon_core.verb:set package 'twist_stamper' build argument 'cmake_force_configure' from command line to 'False'
[0.349s] Level 5:colcon.colcon_core.verb:set package 'twist_stamper' build argument 'ament_cmake_args' from command line to 'None'
[0.349s] Level 5:colcon.colcon_core.verb:set package 'twist_stamper' build argument 'catkin_cmake_args' from command line to 'None'
[0.349s] Level 5:colcon.colcon_core.verb:set package 'twist_stamper' build argument 'catkin_skip_building_tests' from command line to 'False'
[0.349s] DEBUG:colcon.colcon_core.verb:Building package 'twist_stamper' with the following arguments: {'ament_cmake_args': None, 'build_base': '/home/boss/Z4Ge/build/twist_stamper', 'catkin_cmake_args': None, 'catkin_skip_building_tests': False, 'cmake_args': None, 'cmake_clean_cache': False, 'cmake_clean_first': False, 'cmake_force_configure': False, 'cmake_target': None, 'cmake_target_skip_unavailable': False, 'install_base': '/home/boss/Z4Ge/install/twist_stamper', 'merge_install': False, 'path': '/home/boss/Z4Ge/src/twist_stamper', 'symlink_install': True, 'test_result_base': None}
[0.349s] INFO:colcon.colcon_core.executor:Executing jobs using 'parallel' executor
[0.350s] DEBUG:colcon.colcon_parallel_executor.executor.parallel:run_until_complete
[0.350s] INFO:colcon.colcon_ros.task.ament_cmake.build:Building ROS package in '/home/boss/Z4Ge/src/autonomous_car' with build type 'ament_cmake'
[0.350s] INFO:colcon.colcon_cmake.task.cmake.build:Building CMake package in '/home/boss/Z4Ge/src/autonomous_car'
[0.354s] INFO:colcon.colcon_core.plugin_system:Skipping extension 'colcon_core.shell.bat': Not used on non-Windows systems
[0.354s] INFO:colcon.colcon_core.shell:Skip shell extension 'powershell' for command environment: Not usable outside of PowerShell
[0.354s] DEBUG:colcon.colcon_core.shell:Skip shell extension 'dsv' for command environment
[0.359s] INFO:colcon.colcon_ros.task.ament_cmake.build:Building ROS package in '/home/boss/Z4Ge/src/lidar_demo' with build type 'ament_cmake'
[0.359s] INFO:colcon.colcon_cmake.task.cmake.build:Building CMake package in '/home/boss/Z4Ge/src/lidar_demo'
[0.359s] INFO:colcon.colcon_core.shell:Skip shell extension 'powershell' for command environment: Not usable outside of PowerShell
[0.360s] DEBUG:colcon.colcon_core.shell:Skip shell extension 'dsv' for command environment
[0.364s] INFO:colcon.colcon_ros.task.ament_python.build:Building ROS package in '/home/boss/Z4Ge/src/twist_stamper' with build type 'ament_python'
[0.364s] Level 1:colcon.colcon_core.shell:create_environment_hook('twist_stamper', 'ament_prefix_path')
[0.364s] INFO:colcon.colcon_core.shell:Creating environment hook '/home/boss/Z4Ge/install/twist_stamper/share/twist_stamper/hook/ament_prefix_path.ps1'
[0.365s] INFO:colcon.colcon_core.shell:Creating environment descriptor '/home/boss/Z4Ge/install/twist_stamper/share/twist_stamper/hook/ament_prefix_path.dsv'
[0.365s] INFO:colcon.colcon_core.shell:Creating environment hook '/home/boss/Z4Ge/install/twist_stamper/share/twist_stamper/hook/ament_prefix_path.sh'
[0.366s] INFO:colcon.colcon_core.shell:Skip shell extension 'powershell' for command environment: Not usable outside of PowerShell
[0.366s] DEBUG:colcon.colcon_core.shell:Skip shell extension 'dsv' for command environment
[0.375s] DEBUG:colcon.colcon_core.event_handler.log_command:Invoking command in '/home/boss/Z4Ge/build/autonomous_car': CMAKE_PREFIX_PATH=${CMAKE_PREFIX_PATH}:/home/boss/Z4Ge/install/twist_stamper:/opt/ros/jazzy DEBUGINFOD_URLS=https://debuginfod.ubuntu.com /usr/bin/cmake --build /home/boss/Z4Ge/build/autonomous_car -- -j16 -l16
[0.377s] DEBUG:colcon.colcon_core.event_handler.log_command:Invoking command in '/home/boss/Z4Ge/build/lidar_demo': CMAKE_PREFIX_PATH=${CMAKE_PREFIX_PATH}:/home/boss/Z4Ge/install/twist_stamper:/opt/ros/jazzy DEBUGINFOD_URLS=https://debuginfod.ubuntu.com /usr/bin/cmake --build /home/boss/Z4Ge/build/lidar_demo -- -j16 -l16
[0.621s] INFO:colcon.colcon_core.task.python.build:Building Python package in '/home/boss/Z4Ge/src/twist_stamper'
[0.622s] INFO:colcon.colcon_core.shell:Skip shell extension 'powershell' for command environment: Not usable outside of PowerShell
[0.622s] DEBUG:colcon.colcon_core.shell:Skip shell extension 'dsv' for command environment
[0.628s] DEBUG:colcon.colcon_core.event_handler.log_command:Invoked command in '/home/boss/Z4Ge/build/lidar_demo' returned '0': CMAKE_PREFIX_PATH=${CMAKE_PREFIX_PATH}:/home/boss/Z4Ge/install/twist_stamper:/opt/ros/jazzy DEBUGINFOD_URLS=https://debuginfod.ubuntu.com /usr/bin/cmake --build /home/boss/Z4Ge/build/lidar_demo -- -j16 -l16
[0.642s] DEBUG:colcon.colcon_core.event_handler.log_command:Invoking command in '/home/boss/Z4Ge/build/lidar_demo': CMAKE_PREFIX_PATH=${CMAKE_PREFIX_PATH}:/home/boss/Z4Ge/install/twist_stamper:/opt/ros/jazzy DEBUGINFOD_URLS=https://debuginfod.ubuntu.com /usr/bin/cmake --install /home/boss/Z4Ge/build/lidar_demo
[0.643s] DEBUG:colcon.colcon_core.event_handler.log_command:Invoked command in '/home/boss/Z4Ge/build/autonomous_car' returned '0': CMAKE_PREFIX_PATH=${CMAKE_PREFIX_PATH}:/home/boss/Z4Ge/install/twist_stamper:/opt/ros/jazzy DEBUGINFOD_URLS=https://debuginfod.ubuntu.com /usr/bin/cmake --build /home/boss/Z4Ge/build/autonomous_car -- -j16 -l16
[0.643s] DEBUG:colcon.colcon_core.event_handler.log_command:Invoking command in '/home/boss/Z4Ge/build/autonomous_car': CMAKE_PREFIX_PATH=${CMAKE_PREFIX_PATH}:/home/boss/Z4Ge/install/twist_stamper:/opt/ros/jazzy DEBUGINFOD_URLS=https://debuginfod.ubuntu.com /usr/bin/cmake --install /home/boss/Z4Ge/build/autonomous_car
[0.668s] Level 1:colcon.colcon_core.environment:create_environment_scripts_only(lidar_demo)
[0.668s] DEBUG:colcon.colcon_core.event_handler.log_command:Invoked command in '/home/boss/Z4Ge/build/lidar_demo' returned '0': CMAKE_PREFIX_PATH=${CMAKE_PREFIX_PATH}:/home/boss/Z4Ge/install/twist_stamper:/opt/ros/jazzy DEBUGINFOD_URLS=https://debuginfod.ubuntu.com /usr/bin/cmake --install /home/boss/Z4Ge/build/lidar_demo
[0.670s] Level 1:colcon.colcon_core.environment:checking '/home/boss/Z4Ge/install/lidar_demo' for CMake module files
[0.671s] Level 1:colcon.colcon_core.environment:checking '/home/boss/Z4Ge/install/lidar_demo' for CMake config files
[0.671s] Level 1:colcon.colcon_core.shell:create_environment_hook('lidar_demo', 'cmake_prefix_path')
[0.671s] INFO:colcon.colcon_core.shell:Creating environment hook '/home/boss/Z4Ge/install/lidar_demo/share/lidar_demo/hook/cmake_prefix_path.ps1'
[0.672s] INFO:colcon.colcon_core.shell:Creating environment descriptor '/home/boss/Z4Ge/install/lidar_demo/share/lidar_demo/hook/cmake_prefix_path.dsv'
[0.672s] INFO:colcon.colcon_core.shell:Creating environment hook '/home/boss/Z4Ge/install/lidar_demo/share/lidar_demo/hook/cmake_prefix_path.sh'
[0.673s] Level 1:colcon.colcon_core.environment:checking '/home/boss/Z4Ge/install/lidar_demo/bin'
[0.673s] Level 1:colcon.colcon_core.environment:checking '/home/boss/Z4Ge/install/lidar_demo/lib/pkgconfig/lidar_demo.pc'
[0.673s] Level 1:colcon.colcon_core.environment:checking '/home/boss/Z4Ge/install/lidar_demo/lib/python3.12/site-packages'
[0.674s] Level 1:colcon.colcon_core.environment:checking '/home/boss/Z4Ge/install/lidar_demo/bin'
[0.674s] INFO:colcon.colcon_core.shell:Creating package script '/home/boss/Z4Ge/install/lidar_demo/share/lidar_demo/package.ps1'
[0.675s] INFO:colcon.colcon_core.shell:Creating package descriptor '/home/boss/Z4Ge/install/lidar_demo/share/lidar_demo/package.dsv'
[0.675s] INFO:colcon.colcon_core.shell:Creating package script '/home/boss/Z4Ge/install/lidar_demo/share/lidar_demo/package.sh'
[0.675s] INFO:colcon.colcon_core.shell:Creating package script '/home/boss/Z4Ge/install/lidar_demo/share/lidar_demo/package.bash'
[0.676s] INFO:colcon.colcon_core.shell:Creating package script '/home/boss/Z4Ge/install/lidar_demo/share/lidar_demo/package.zsh'
[0.676s] Level 1:colcon.colcon_core.environment:create_file_with_runtime_dependencies(/home/boss/Z4Ge/install/lidar_demo/share/colcon-core/packages/lidar_demo)
[0.676s] Level 1:colcon.colcon_core.environment:create_environment_scripts_only(lidar_demo)
[0.677s] Level 1:colcon.colcon_core.environment:checking '/home/boss/Z4Ge/install/lidar_demo' for CMake module files
[0.677s] Level 1:colcon.colcon_core.environment:checking '/home/boss/Z4Ge/install/lidar_demo' for CMake config files
[0.677s] Level 1:colcon.colcon_core.shell:create_environment_hook('lidar_demo', 'cmake_prefix_path')
[0.677s] INFO:colcon.colcon_core.shell:Creating environment hook '/home/boss/Z4Ge/install/lidar_demo/share/lidar_demo/hook/cmake_prefix_path.ps1'
[0.678s] INFO:colcon.colcon_core.shell:Creating environment descriptor '/home/boss/Z4Ge/install/lidar_demo/share/lidar_demo/hook/cmake_prefix_path.dsv'
[0.678s] INFO:colcon.colcon_core.shell:Creating environment hook '/home/boss/Z4Ge/install/lidar_demo/share/lidar_demo/hook/cmake_prefix_path.sh'
[0.678s] Level 1:colcon.colcon_core.environment:checking '/home/boss/Z4Ge/install/lidar_demo/bin'
[0.678s] Level 1:colcon.colcon_core.environment:checking '/home/boss/Z4Ge/install/lidar_demo/lib/pkgconfig/lidar_demo.pc'
[0.678s] Level 1:colcon.colcon_core.environment:checking '/home/boss/Z4Ge/install/lidar_demo/lib/python3.12/site-packages'
[0.679s] Level 1:colcon.colcon_core.environment:checking '/home/boss/Z4Ge/install/lidar_demo/bin'
[0.679s] INFO:colcon.colcon_core.shell:Creating package script '/home/boss/Z4Ge/install/lidar_demo/share/lidar_demo/package.ps1'
[0.679s] INFO:colcon.colcon_core.shell:Creating package descriptor '/home/boss/Z4Ge/install/lidar_demo/share/lidar_demo/package.dsv'
[0.680s] INFO:colcon.colcon_core.shell:Creating package script '/home/boss/Z4Ge/install/lidar_demo/share/lidar_demo/package.sh'
[0.680s] INFO:colcon.colcon_core.shell:Creating package script '/home/boss/Z4Ge/install/lidar_demo/share/lidar_demo/package.bash'
[0.680s] INFO:colcon.colcon_core.shell:Creating package script '/home/boss/Z4Ge/install/lidar_demo/share/lidar_demo/package.zsh'
[0.680s] Level 1:colcon.colcon_core.environment:create_file_with_runtime_dependencies(/home/boss/Z4Ge/install/lidar_demo/share/colcon-core/packages/lidar_demo)
[0.681s] Level 1:colcon.colcon_core.environment:create_environment_scripts_only(autonomous_car)
[0.681s] Level 1:colcon.colcon_core.environment:checking '/home/boss/Z4Ge/install/autonomous_car' for CMake module files
[0.682s] DEBUG:colcon.colcon_core.event_handler.log_command:Invoked command in '/home/boss/Z4Ge/build/autonomous_car' returned '0': CMAKE_PREFIX_PATH=${CMAKE_PREFIX_PATH}:/home/boss/Z4Ge/install/twist_stamper:/opt/ros/jazzy DEBUGINFOD_URLS=https://debuginfod.ubuntu.com /usr/bin/cmake --install /home/boss/Z4Ge/build/autonomous_car
[0.682s] Level 1:colcon.colcon_core.environment:checking '/home/boss/Z4Ge/install/autonomous_car' for CMake config files
[0.682s] Level 1:colcon.colcon_core.shell:create_environment_hook('autonomous_car', 'cmake_prefix_path')
[0.683s] INFO:colcon.colcon_core.shell:Creating environment hook '/home/boss/Z4Ge/install/autonomous_car/share/autonomous_car/hook/cmake_prefix_path.ps1'
[0.683s] INFO:colcon.colcon_core.shell:Creating environment descriptor '/home/boss/Z4Ge/install/autonomous_car/share/autonomous_car/hook/cmake_prefix_path.dsv'
[0.683s] INFO:colcon.colcon_core.shell:Creating environment hook '/home/boss/Z4Ge/install/autonomous_car/share/autonomous_car/hook/cmake_prefix_path.sh'
[0.684s] Level 1:colcon.colcon_core.environment:checking '/home/boss/Z4Ge/install/autonomous_car/lib'
[0.684s] Level 1:colcon.colcon_core.environment:checking '/home/boss/Z4Ge/install/autonomous_car/bin'
[0.684s] Level 1:colcon.colcon_core.environment:checking '/home/boss/Z4Ge/install/autonomous_car/lib/pkgconfig/autonomous_car.pc'
[0.684s] Level 1:colcon.colcon_core.environment:checking '/home/boss/Z4Ge/install/autonomous_car/lib/python3.12/site-packages'
[0.684s] Level 1:colcon.colcon_core.environment:checking '/home/boss/Z4Ge/install/autonomous_car/bin'
[0.684s] INFO:colcon.colcon_core.shell:Creating package script '/home/boss/Z4Ge/install/autonomous_car/share/autonomous_car/package.ps1'
[0.685s] INFO:colcon.colcon_core.shell:Creating package descriptor '/home/boss/Z4Ge/install/autonomous_car/share/autonomous_car/package.dsv'
[0.685s] INFO:colcon.colcon_core.shell:Creating package script '/home/boss/Z4Ge/install/autonomous_car/share/autonomous_car/package.sh'
[0.685s] INFO:colcon.colcon_core.shell:Creating package script '/home/boss/Z4Ge/install/autonomous_car/share/autonomous_car/package.bash'
[0.686s] INFO:colcon.colcon_core.shell:Creating package script '/home/boss/Z4Ge/install/autonomous_car/share/autonomous_car/package.zsh'
[0.686s] Level 1:colcon.colcon_core.environment:create_file_with_runtime_dependencies(/home/boss/Z4Ge/install/autonomous_car/share/colcon-core/packages/autonomous_car)
[0.686s] Level 1:colcon.colcon_core.environment:create_environment_scripts_only(autonomous_car)
[0.686s] Level 1:colcon.colcon_core.environment:checking '/home/boss/Z4Ge/install/autonomous_car' for CMake module files
[0.687s] Level 1:colcon.colcon_core.environment:checking '/home/boss/Z4Ge/install/autonomous_car' for CMake config files
[0.687s] Level 1:colcon.colcon_core.shell:create_environment_hook('autonomous_car', 'cmake_prefix_path')
[0.687s] INFO:colcon.colcon_core.shell:Creating environment hook '/home/boss/Z4Ge/install/autonomous_car/share/autonomous_car/hook/cmake_prefix_path.ps1'
[0.687s] INFO:colcon.colcon_core.shell:Creating environment descriptor '/home/boss/Z4Ge/install/autonomous_car/share/autonomous_car/hook/cmake_prefix_path.dsv'
[0.688s] INFO:colcon.colcon_core.shell:Creating environment hook '/home/boss/Z4Ge/install/autonomous_car/share/autonomous_car/hook/cmake_prefix_path.sh'
[0.688s] Level 1:colcon.colcon_core.environment:checking '/home/boss/Z4Ge/install/autonomous_car/lib'
[0.688s] Level 1:colcon.colcon_core.environment:checking '/home/boss/Z4Ge/install/autonomous_car/bin'
[0.688s] Level 1:colcon.colcon_core.environment:checking '/home/boss/Z4Ge/install/autonomous_car/lib/pkgconfig/autonomous_car.pc'
[0.688s] Level 1:colcon.colcon_core.environment:checking '/home/boss/Z4Ge/install/autonomous_car/lib/python3.12/site-packages'
[0.688s] Level 1:colcon.colcon_core.environment:checking '/home/boss/Z4Ge/install/autonomous_car/bin'
[0.689s] INFO:colcon.colcon_core.shell:Creating package script '/home/boss/Z4Ge/install/autonomous_car/share/autonomous_car/package.ps1'
[0.689s] INFO:colcon.colcon_core.shell:Creating package descriptor '/home/boss/Z4Ge/install/autonomous_car/share/autonomous_car/package.dsv'
[0.689s] INFO:colcon.colcon_core.shell:Creating package script '/home/boss/Z4Ge/install/autonomous_car/share/autonomous_car/package.sh'
[0.690s] INFO:colcon.colcon_core.shell:Creating package script '/home/boss/Z4Ge/install/autonomous_car/share/autonomous_car/package.bash'
[0.690s] INFO:colcon.colcon_core.shell:Creating package script '/home/boss/Z4Ge/install/autonomous_car/share/autonomous_car/package.zsh'
[0.691s] Level 1:colcon.colcon_core.environment:create_file_with_runtime_dependencies(/home/boss/Z4Ge/install/autonomous_car/share/colcon-core/packages/autonomous_car)
[1.119s] DEBUG:colcon.colcon_core.task.python.build:Available setuptools commands: build_scripts, sdist, extract_messages, test, build_clib, build_ext, install_scripts, clean, saveopts, compile_catalog, init_catalog, alias, dist_info, install, install_data, bdist_rpm, install_lib, bdist_egg, build_py, rotate, upload, symlink_data, upload_docs, easy_install, egg_info, bdist_wheel, build, update_catalog, develop, register, editable_wheel, install_headers, check, install_egg_info, setopt, bdist_dumb, bdist
[1.376s] DEBUG:colcon.colcon_core.task.python.build:Available setuptools 'develop' options: --upgrade, --install-layout, --record, --install-dir, --optimize, --help, --dry-run, --local-snapshots-ok, --find-links, --no-deps, --zip-ok, --version, --exclude-scripts, --no-find-links, --no-user-cfg, --index-url, --uninstall, --build-directory, --always-copy, --quiet, --editable, --always-unzip, --user, --verbose, --site-dirs, --force-installation-into-system-dir, --prefix, --multi-version, --egg-path, --script-dir, --allow-hosts
[1.379s] DEBUG:colcon.colcon_core.event_handler.log_command:Invoking command in '/home/boss/Z4Ge/build/twist_stamper': DEBUGINFOD_URLS=https://debuginfod.ubuntu.com PYTHONPATH=/home/boss/Z4Ge/build/twist_stamper/prefix_override:/usr/lib/python3/dist-packages/colcon_core/task/python/colcon_distutils_commands:/home/boss/Z4Ge/install/twist_stamper/lib/python3.12/site-packages:${PYTHONPATH} /usr/bin/python3 -W ignore:setup.py install is deprecated -W ignore:easy_install command is deprecated setup.py develop --editable --build-directory /home/boss/Z4Ge/build/twist_stamper/build --no-deps symlink_data
[1.873s] Level 1:colcon.colcon_core.shell:create_environment_hook('twist_stamper', 'pythonpath_develop')
[1.873s] INFO:colcon.colcon_core.shell:Creating environment hook '/home/boss/Z4Ge/build/twist_stamper/share/twist_stamper/hook/pythonpath_develop.ps1'
[1.874s] DEBUG:colcon.colcon_core.event_handler.log_command:Invoked command in '/home/boss/Z4Ge/build/twist_stamper' returned '0': DEBUGINFOD_URLS=https://debuginfod.ubuntu.com PYTHONPATH=/home/boss/Z4Ge/build/twist_stamper/prefix_override:/usr/lib/python3/dist-packages/colcon_core/task/python/colcon_distutils_commands:/home/boss/Z4Ge/install/twist_stamper/lib/python3.12/site-packages:${PYTHONPATH} /usr/bin/python3 -W ignore:setup.py install is deprecated -W ignore:easy_install command is deprecated setup.py develop --editable --build-directory /home/boss/Z4Ge/build/twist_stamper/build --no-deps symlink_data
[1.874s] INFO:colcon.colcon_core.shell:Creating environment descriptor '/home/boss/Z4Ge/build/twist_stamper/share/twist_stamper/hook/pythonpath_develop.dsv'
[1.875s] INFO:colcon.colcon_core.shell:Creating environment hook '/home/boss/Z4Ge/build/twist_stamper/share/twist_stamper/hook/pythonpath_develop.sh'
[1.875s] Level 1:colcon.colcon_core.environment:checking '/home/boss/Z4Ge/install/twist_stamper' for CMake module files
[1.875s] Level 1:colcon.colcon_core.environment:checking '/home/boss/Z4Ge/install/twist_stamper' for CMake config files
[1.876s] Level 1:colcon.colcon_core.environment:checking '/home/boss/Z4Ge/install/twist_stamper/lib'
[1.876s] Level 1:colcon.colcon_core.environment:checking '/home/boss/Z4Ge/install/twist_stamper/bin'
[1.876s] Level 1:colcon.colcon_core.environment:checking '/home/boss/Z4Ge/install/twist_stamper/lib/pkgconfig/twist_stamper.pc'
[1.876s] Level 1:colcon.colcon_core.environment:checking '/home/boss/Z4Ge/install/twist_stamper/lib/python3.12/site-packages'
[1.876s] Level 1:colcon.colcon_core.shell:create_environment_hook('twist_stamper', 'pythonpath')
[1.876s] INFO:colcon.colcon_core.shell:Creating environment hook '/home/boss/Z4Ge/install/twist_stamper/share/twist_stamper/hook/pythonpath.ps1'
[1.876s] INFO:colcon.colcon_core.shell:Creating environment descriptor '/home/boss/Z4Ge/install/twist_stamper/share/twist_stamper/hook/pythonpath.dsv'
[1.877s] INFO:colcon.colcon_core.shell:Creating environment hook '/home/boss/Z4Ge/install/twist_stamper/share/twist_stamper/hook/pythonpath.sh'
[1.877s] Level 1:colcon.colcon_core.environment:checking '/home/boss/Z4Ge/install/twist_stamper/bin'
[1.877s] Level 1:colcon.colcon_core.environment:create_environment_scripts_only(twist_stamper)
[1.877s] INFO:colcon.colcon_core.shell:Creating package script '/home/boss/Z4Ge/install/twist_stamper/share/twist_stamper/package.ps1'
[1.878s] INFO:colcon.colcon_core.shell:Creating package descriptor '/home/boss/Z4Ge/install/twist_stamper/share/twist_stamper/package.dsv'
[1.878s] INFO:colcon.colcon_core.shell:Creating package script '/home/boss/Z4Ge/install/twist_stamper/share/twist_stamper/package.sh'
[1.878s] INFO:colcon.colcon_core.shell:Creating package script '/home/boss/Z4Ge/install/twist_stamper/share/twist_stamper/package.bash'
[1.878s] INFO:colcon.colcon_core.shell:Creating package script '/home/boss/Z4Ge/install/twist_stamper/share/twist_stamper/package.zsh'
[1.879s] Level 1:colcon.colcon_core.environment:create_file_with_runtime_dependencies(/home/boss/Z4Ge/install/twist_stamper/share/colcon-core/packages/twist_stamper)
[1.879s] DEBUG:colcon.colcon_parallel_executor.executor.parallel:closing loop
[1.879s] DEBUG:colcon.colcon_parallel_executor.executor.parallel:loop closed
[1.879s] DEBUG:colcon.colcon_parallel_executor.executor.parallel:run_until_complete finished with '0'
[1.879s] DEBUG:colcon.colcon_core.event_reactor:joining thread
[1.886s] INFO:colcon.colcon_core.plugin_system:Skipping extension 'colcon_notification.desktop_notification.terminal_notifier': Not used on non-Darwin systems
[1.886s] INFO:colcon.colcon_core.plugin_system:Skipping extension 'colcon_notification.desktop_notification.win32': Not used on non-Windows systems
[1.886s] INFO:colcon.colcon_notification.desktop_notification:Sending desktop notification using 'notify2'
[1.901s] DEBUG:colcon.colcon_core.event_reactor:joined thread
[1.901s] INFO:colcon.colcon_core.shell:Creating prefix script '/home/boss/Z4Ge/install/local_setup.ps1'
[1.902s] INFO:colcon.colcon_core.shell:Creating prefix util module '/home/boss/Z4Ge/install/_local_setup_util_ps1.py'
[1.903s] INFO:colcon.colcon_core.shell:Creating prefix chain script '/home/boss/Z4Ge/install/setup.ps1'
[1.904s] INFO:colcon.colcon_core.shell:Creating prefix script '/home/boss/Z4Ge/install/local_setup.sh'
[1.904s] INFO:colcon.colcon_core.shell:Creating prefix util module '/home/boss/Z4Ge/install/_local_setup_util_sh.py'
[1.904s] INFO:colcon.colcon_core.shell:Creating prefix chain script '/home/boss/Z4Ge/install/setup.sh'
[1.905s] INFO:colcon.colcon_core.shell:Creating prefix script '/home/boss/Z4Ge/install/local_setup.bash'
[1.905s] INFO:colcon.colcon_core.shell:Creating prefix chain script '/home/boss/Z4Ge/install/setup.bash'
[1.906s] INFO:colcon.colcon_core.shell:Creating prefix script '/home/boss/Z4Ge/install/local_setup.zsh'
[1.906s] INFO:colcon.colcon_core.shell:Creating prefix chain script '/home/boss/Z4Ge/install/setup.zsh'
