-- The C compiler identification is GNU 13.3.0
-- The CXX compiler identification is GNU 13.3.0
-- Detecting C compiler ABI info
-- Detecting C compiler ABI info - done
-- Check for working C compiler: /usr/bin/cc - skipped
-- Detecting C compile features
-- Detecting C compile features - done
-- Detecting CXX compiler ABI info
-- Detecting CXX compiler ABI info - done
-- Check for working CXX compiler: /usr/bin/c++ - skipped
-- Detecting CXX compile features
-- Detecting CXX compile features - done
-- Found ament_cmake: 2.5.6 (/opt/ros/jazzy/share/ament_cmake/cmake)
-- Found Python3: /usr/bin/python3 (found version "3.12.3") found components: Interpreter 
-- Override CMake install command with custom implementation using symlinks instead of copying resources
-- Configuring done (0.6s)
-- Generating done (0.0s)
-- Build files have been written to: /home/boss/Z4Ge/build/autonomous_car
-- Install configuration: ""
-- Execute custom install script
-- Symlinking: /home/boss/Z4Ge/install/autonomous_car/share/autonomous_car/description/gazebo.xacro
-- Symlinking: /home/boss/Z4Ge/install/autonomous_car/share/autonomous_car/description/lidar.xacro
-- Symlinking: /home/boss/Z4Ge/install/autonomous_car/share/autonomous_car/description/materials.xacro
-- Symlinking: /home/boss/Z4Ge/install/autonomous_car/share/autonomous_car/description/robot.urdf.xacro
-- Symlinking: /home/boss/Z4Ge/install/autonomous_car/share/autonomous_car/description/robot_core.xacro
-- Symlinking: /home/boss/Z4Ge/install/autonomous_car/share/autonomous_car/description/ros2_control.xacro
-- Symlinking: /home/boss/Z4Ge/install/autonomous_car/share/autonomous_car/description/wheels.xacro
-- Symlinking: /home/boss/Z4Ge/install/autonomous_car/share/autonomous_car/launch/gazebo.launch.py
-- Symlinking: /home/boss/Z4Ge/install/autonomous_car/share/autonomous_car/launch/rsp.launch.py
-- Symlinking: /home/boss/Z4Ge/install/autonomous_car/share/autonomous_car/config/controllers.yaml
-- Symlinking: /home/boss/Z4Ge/install/autonomous_car/share/autonomous_car/worlds/empty.sdf
-- Symlinking: /home/boss/Z4Ge/install/autonomous_car/lib/autonomous_car/twist_stamper.py
-- Symlinking: /home/boss/Z4Ge/install/autonomous_car/share/ament_index/resource_index/package_run_dependencies/autonomous_car
-- Symlinking: /home/boss/Z4Ge/install/autonomous_car/share/ament_index/resource_index/parent_prefix_path/autonomous_car
-- Symlinking: /home/boss/Z4Ge/install/autonomous_car/share/autonomous_car/environment/ament_prefix_path.sh
-- Symlinking: /home/boss/Z4Ge/install/autonomous_car/share/autonomous_car/environment/ament_prefix_path.dsv
-- Symlinking: /home/boss/Z4Ge/install/autonomous_car/share/autonomous_car/environment/path.sh
-- Symlinking: /home/boss/Z4Ge/install/autonomous_car/share/autonomous_car/environment/path.dsv
-- Symlinking: /home/boss/Z4Ge/install/autonomous_car/share/autonomous_car/local_setup.bash
-- Symlinking: /home/boss/Z4Ge/install/autonomous_car/share/autonomous_car/local_setup.sh
-- Symlinking: /home/boss/Z4Ge/install/autonomous_car/share/autonomous_car/local_setup.zsh
-- Symlinking: /home/boss/Z4Ge/install/autonomous_car/share/autonomous_car/local_setup.dsv
-- Symlinking: /home/boss/Z4Ge/install/autonomous_car/share/autonomous_car/package.dsv
-- Symlinking: /home/boss/Z4Ge/install/autonomous_car/share/ament_index/resource_index/packages/autonomous_car
-- Symlinking: /home/boss/Z4Ge/install/autonomous_car/share/autonomous_car/cmake/autonomous_carConfig.cmake
-- Symlinking: /home/boss/Z4Ge/install/autonomous_car/share/autonomous_car/cmake/autonomous_carConfig-version.cmake
-- Symlinking: /home/boss/Z4Ge/install/autonomous_car/share/autonomous_car/package.xml
