[0.171s] DEBUG:colcon:Command line arguments: ['/usr/bin/colcon', 'build', '--symlink-install']
[0.171s] DEBUG:colcon:Parsed command line arguments: Namespace(log_base=None, log_level=None, verb_name='build', build_base='build', install_base='install', merge_install=False, symlink_install=True, test_result_base=None, continue_on_error=False, executor='parallel', parallel_workers=16, event_handlers=None, ignore_user_meta=False, metas=['./colcon.meta'], base_paths=['.'], packages_ignore=None, packages_ignore_regex=None, paths=None, packages_up_to=None, packages_up_to_regex=None, packages_above=None, packages_above_and_dependencies=None, packages_above_depth=None, packages_select_by_dep=None, packages_skip_by_dep=None, packages_skip_up_to=None, packages_select_build_failed=False, packages_skip_build_finished=False, packages_select_test_failures=False, packages_skip_test_passed=False, packages_select=None, packages_skip=None, packages_select_regex=None, packages_skip_regex=None, packages_start=None, packages_end=None, allow_overriding=[], cmake_args=None, cmake_target=None, cmake_target_skip_unavailable=False, cmake_clean_cache=False, cmake_clean_first=False, cmake_force_configure=False, ament_cmake_args=None, catkin_cmake_args=None, catkin_skip_building_tests=False, verb_parser=<colcon_defaults.argument_parser.defaults.DefaultArgumentsDecorator object at 0x7d7b23c6af00>, verb_extension=<colcon_core.verb.build.BuildVerb object at 0x7d7b23c6acc0>, main=<bound method BuildVerb.main of <colcon_core.verb.build.BuildVerb object at 0x7d7b23c6acc0>>)
[0.219s] Level 1:colcon.colcon_core.package_discovery:discover_packages(colcon_meta) check parameters
[0.219s] Level 1:colcon.colcon_core.package_discovery:discover_packages(recursive) check parameters
[0.219s] Level 1:colcon.colcon_core.package_discovery:discover_packages(ignore) check parameters
[0.219s] Level 1:colcon.colcon_core.package_discovery:discover_packages(path) check parameters
[0.219s] Level 1:colcon.colcon_core.package_discovery:discover_packages(colcon_meta) discover
[0.219s] Level 1:colcon.colcon_core.package_discovery:discover_packages(recursive) discover
[0.219s] INFO:colcon.colcon_core.package_discovery:Crawling recursively for packages in '/home/boss/Z4Ge'
[0.219s] Level 1:colcon.colcon_core.package_identification:_identify(.) by extensions ['ignore', 'ignore_ament_install']
[0.219s] Level 1:colcon.colcon_core.package_identification:_identify(.) by extension 'ignore'
[0.219s] Level 1:colcon.colcon_core.package_identification:_identify(.) by extension 'ignore_ament_install'
[0.219s] Level 1:colcon.colcon_core.package_identification:_identify(.) by extensions ['colcon_pkg']
[0.219s] Level 1:colcon.colcon_core.package_identification:_identify(.) by extension 'colcon_pkg'
[0.219s] Level 1:colcon.colcon_core.package_identification:_identify(.) by extensions ['colcon_meta']
[0.220s] Level 1:colcon.colcon_core.package_identification:_identify(.) by extension 'colcon_meta'
[0.220s] Level 1:colcon.colcon_core.package_identification:_identify(.) by extensions ['ros']
[0.220s] Level 1:colcon.colcon_core.package_identification:_identify(.) by extension 'ros'
[0.246s] Level 1:colcon.colcon_core.package_identification:_identify(.) by extensions ['cmake', 'python']
[0.246s] Level 1:colcon.colcon_core.package_identification:_identify(.) by extension 'cmake'
[0.246s] Level 1:colcon.colcon_core.package_identification:_identify(.) by extension 'python'
[0.246s] Level 1:colcon.colcon_core.package_identification:_identify(.) by extensions ['python_setup_py']
[0.246s] Level 1:colcon.colcon_core.package_identification:_identify(.) by extension 'python_setup_py'
[0.246s] Level 1:colcon.colcon_core.package_identification:_identify(build) by extensions ['ignore', 'ignore_ament_install']
[0.246s] Level 1:colcon.colcon_core.package_identification:_identify(build) by extension 'ignore'
[0.246s] Level 1:colcon.colcon_core.package_identification:_identify(build) ignored
[0.246s] Level 1:colcon.colcon_core.package_identification:_identify(install) by extensions ['ignore', 'ignore_ament_install']
[0.246s] Level 1:colcon.colcon_core.package_identification:_identify(install) by extension 'ignore'
[0.246s] Level 1:colcon.colcon_core.package_identification:_identify(install) ignored
[0.246s] Level 1:colcon.colcon_core.package_identification:_identify(log) by extensions ['ignore', 'ignore_ament_install']
[0.246s] Level 1:colcon.colcon_core.package_identification:_identify(log) by extension 'ignore'
[0.247s] Level 1:colcon.colcon_core.package_identification:_identify(log) ignored
[0.247s] Level 1:colcon.colcon_core.package_identification:_identify(src) by extensions ['ignore', 'ignore_ament_install']
[0.247s] Level 1:colcon.colcon_core.package_identification:_identify(src) by extension 'ignore'
[0.247s] Level 1:colcon.colcon_core.package_identification:_identify(src) by extension 'ignore_ament_install'
[0.247s] Level 1:colcon.colcon_core.package_identification:_identify(src) by extensions ['colcon_pkg']
[0.247s] Level 1:colcon.colcon_core.package_identification:_identify(src) by extension 'colcon_pkg'
[0.247s] Level 1:colcon.colcon_core.package_identification:_identify(src) by extensions ['colcon_meta']
[0.247s] Level 1:colcon.colcon_core.package_identification:_identify(src) by extension 'colcon_meta'
[0.247s] Level 1:colcon.colcon_core.package_identification:_identify(src) by extensions ['ros']
[0.247s] Level 1:colcon.colcon_core.package_identification:_identify(src) by extension 'ros'
[0.247s] Level 1:colcon.colcon_core.package_identification:_identify(src) by extensions ['cmake', 'python']
[0.247s] Level 1:colcon.colcon_core.package_identification:_identify(src) by extension 'cmake'
[0.247s] Level 1:colcon.colcon_core.package_identification:_identify(src) by extension 'python'
[0.247s] Level 1:colcon.colcon_core.package_identification:_identify(src) by extensions ['python_setup_py']
[0.247s] Level 1:colcon.colcon_core.package_identification:_identify(src) by extension 'python_setup_py'
[0.247s] Level 1:colcon.colcon_core.package_identification:_identify(src/autonomous_car) by extensions ['ignore', 'ignore_ament_install']
[0.247s] Level 1:colcon.colcon_core.package_identification:_identify(src/autonomous_car) by extension 'ignore'
[0.248s] Level 1:colcon.colcon_core.package_identification:_identify(src/autonomous_car) by extension 'ignore_ament_install'
[0.248s] Level 1:colcon.colcon_core.package_identification:_identify(src/autonomous_car) by extensions ['colcon_pkg']
[0.248s] Level 1:colcon.colcon_core.package_identification:_identify(src/autonomous_car) by extension 'colcon_pkg'
[0.248s] Level 1:colcon.colcon_core.package_identification:_identify(src/autonomous_car) by extensions ['colcon_meta']
[0.248s] Level 1:colcon.colcon_core.package_identification:_identify(src/autonomous_car) by extension 'colcon_meta'
[0.248s] Level 1:colcon.colcon_core.package_identification:_identify(src/autonomous_car) by extensions ['ros']
[0.248s] Level 1:colcon.colcon_core.package_identification:_identify(src/autonomous_car) by extension 'ros'
[0.251s] DEBUG:colcon.colcon_core.package_identification:Package 'src/autonomous_car' with type 'ros.ament_cmake' and name 'autonomous_car'
[0.251s] Level 1:colcon.colcon_core.package_identification:_identify(src/lidar_demo) by extensions ['ignore', 'ignore_ament_install']
[0.251s] Level 1:colcon.colcon_core.package_identification:_identify(src/lidar_demo) by extension 'ignore'
[0.251s] Level 1:colcon.colcon_core.package_identification:_identify(src/lidar_demo) by extension 'ignore_ament_install'
[0.251s] Level 1:colcon.colcon_core.package_identification:_identify(src/lidar_demo) by extensions ['colcon_pkg']
[0.251s] Level 1:colcon.colcon_core.package_identification:_identify(src/lidar_demo) by extension 'colcon_pkg'
[0.251s] Level 1:colcon.colcon_core.package_identification:_identify(src/lidar_demo) by extensions ['colcon_meta']
[0.251s] Level 1:colcon.colcon_core.package_identification:_identify(src/lidar_demo) by extension 'colcon_meta'
[0.251s] Level 1:colcon.colcon_core.package_identification:_identify(src/lidar_demo) by extensions ['ros']
[0.251s] Level 1:colcon.colcon_core.package_identification:_identify(src/lidar_demo) by extension 'ros'
[0.252s] DEBUG:colcon.colcon_core.package_identification:Package 'src/lidar_demo' with type 'ros.ament_cmake' and name 'lidar_demo'
[0.252s] Level 1:colcon.colcon_core.package_identification:_identify(src/twist_stamper) by extensions ['ignore', 'ignore_ament_install']
[0.252s] Level 1:colcon.colcon_core.package_identification:_identify(src/twist_stamper) by extension 'ignore'
[0.252s] Level 1:colcon.colcon_core.package_identification:_identify(src/twist_stamper) by extension 'ignore_ament_install'
[0.252s] Level 1:colcon.colcon_core.package_identification:_identify(src/twist_stamper) by extensions ['colcon_pkg']
[0.252s] Level 1:colcon.colcon_core.package_identification:_identify(src/twist_stamper) by extension 'colcon_pkg'
[0.252s] Level 1:colcon.colcon_core.package_identification:_identify(src/twist_stamper) by extensions ['colcon_meta']
[0.253s] Level 1:colcon.colcon_core.package_identification:_identify(src/twist_stamper) by extension 'colcon_meta'
[0.253s] Level 1:colcon.colcon_core.package_identification:_identify(src/twist_stamper) by extensions ['ros']
[0.253s] Level 1:colcon.colcon_core.package_identification:_identify(src/twist_stamper) by extension 'ros'
[0.253s] DEBUG:colcon.colcon_core.package_identification:Package 'src/twist_stamper' with type 'ros.ament_python' and name 'twist_stamper'
[0.253s] Level 1:colcon.colcon_core.package_discovery:discover_packages(recursive) using defaults
[0.253s] Level 1:colcon.colcon_core.package_discovery:discover_packages(ignore) discover
[0.253s] Level 1:colcon.colcon_core.package_discovery:discover_packages(ignore) using defaults
[0.253s] Level 1:colcon.colcon_core.package_discovery:discover_packages(path) discover
[0.253s] Level 1:colcon.colcon_core.package_discovery:discover_packages(path) using defaults
[0.275s] Level 1:colcon.colcon_core.package_discovery:discover_packages(prefix_path) check parameters
[0.275s] Level 1:colcon.colcon_core.package_discovery:discover_packages(prefix_path) discover
[0.277s] WARNING:colcon.colcon_ros.prefix_path.ament:The path '/home/boss/Z4Ge/install/twist_stamper' in the environment variable AMENT_PREFIX_PATH doesn't exist
[0.277s] WARNING:colcon.colcon_ros.prefix_path.ament:The path '/home/boss/Z4Ge/install/lidar_demo' in the environment variable AMENT_PREFIX_PATH doesn't exist
[0.277s] WARNING:colcon.colcon_ros.prefix_path.ament:The path '/home/boss/Z4Ge/install/autonomous_car' in the environment variable AMENT_PREFIX_PATH doesn't exist
[0.277s] WARNING:colcon.colcon_ros.prefix_path.catkin:The path '/home/boss/Z4Ge/install/lidar_demo' in the environment variable CMAKE_PREFIX_PATH doesn't exist
[0.277s] WARNING:colcon.colcon_ros.prefix_path.catkin:The path '/home/boss/Z4Ge/install/autonomous_car' in the environment variable CMAKE_PREFIX_PATH doesn't exist
[0.278s] DEBUG:colcon.colcon_installed_package_information.package_discovery:Found 0 installed packages in /home/boss/Z4Ge/install
[0.279s] DEBUG:colcon.colcon_installed_package_information.package_discovery:Found 0 installed packages in /home/boss/ros2_ws/install
[0.281s] DEBUG:colcon.colcon_installed_package_information.package_discovery:Found 377 installed packages in /opt/ros/jazzy
[0.282s] Level 1:colcon.colcon_core.package_discovery:discover_packages(prefix_path) using defaults
[0.341s] Level 5:colcon.colcon_core.verb:set package 'autonomous_car' build argument 'cmake_args' from command line to 'None'
[0.341s] Level 5:colcon.colcon_core.verb:set package 'autonomous_car' build argument 'cmake_target' from command line to 'None'
[0.341s] Level 5:colcon.colcon_core.verb:set package 'autonomous_car' build argument 'cmake_target_skip_unavailable' from command line to 'False'
[0.341s] Level 5:colcon.colcon_core.verb:set package 'autonomous_car' build argument 'cmake_clean_cache' from command line to 'False'
[0.341s] Level 5:colcon.colcon_core.verb:set package 'autonomous_car' build argument 'cmake_clean_first' from command line to 'False'
[0.341s] Level 5:colcon.colcon_core.verb:set package 'autonomous_car' build argument 'cmake_force_configure' from command line to 'False'
[0.341s] Level 5:colcon.colcon_core.verb:set package 'autonomous_car' build argument 'ament_cmake_args' from command line to 'None'
[0.341s] Level 5:colcon.colcon_core.verb:set package 'autonomous_car' build argument 'catkin_cmake_args' from command line to 'None'
[0.341s] Level 5:colcon.colcon_core.verb:set package 'autonomous_car' build argument 'catkin_skip_building_tests' from command line to 'False'
[0.341s] DEBUG:colcon.colcon_core.verb:Building package 'autonomous_car' with the following arguments: {'ament_cmake_args': None, 'build_base': '/home/boss/Z4Ge/build/autonomous_car', 'catkin_cmake_args': None, 'catkin_skip_building_tests': False, 'cmake_args': None, 'cmake_clean_cache': False, 'cmake_clean_first': False, 'cmake_force_configure': False, 'cmake_target': None, 'cmake_target_skip_unavailable': False, 'install_base': '/home/boss/Z4Ge/install/autonomous_car', 'merge_install': False, 'path': '/home/boss/Z4Ge/src/autonomous_car', 'symlink_install': True, 'test_result_base': None}
[0.342s] Level 5:colcon.colcon_core.verb:set package 'lidar_demo' build argument 'cmake_args' from command line to 'None'
[0.342s] Level 5:colcon.colcon_core.verb:set package 'lidar_demo' build argument 'cmake_target' from command line to 'None'
[0.342s] Level 5:colcon.colcon_core.verb:set package 'lidar_demo' build argument 'cmake_target_skip_unavailable' from command line to 'False'
[0.342s] Level 5:colcon.colcon_core.verb:set package 'lidar_demo' build argument 'cmake_clean_cache' from command line to 'False'
[0.342s] Level 5:colcon.colcon_core.verb:set package 'lidar_demo' build argument 'cmake_clean_first' from command line to 'False'
[0.342s] Level 5:colcon.colcon_core.verb:set package 'lidar_demo' build argument 'cmake_force_configure' from command line to 'False'
[0.342s] Level 5:colcon.colcon_core.verb:set package 'lidar_demo' build argument 'ament_cmake_args' from command line to 'None'
[0.342s] Level 5:colcon.colcon_core.verb:set package 'lidar_demo' build argument 'catkin_cmake_args' from command line to 'None'
[0.342s] Level 5:colcon.colcon_core.verb:set package 'lidar_demo' build argument 'catkin_skip_building_tests' from command line to 'False'
[0.342s] DEBUG:colcon.colcon_core.verb:Building package 'lidar_demo' with the following arguments: {'ament_cmake_args': None, 'build_base': '/home/boss/Z4Ge/build/lidar_demo', 'catkin_cmake_args': None, 'catkin_skip_building_tests': False, 'cmake_args': None, 'cmake_clean_cache': False, 'cmake_clean_first': False, 'cmake_force_configure': False, 'cmake_target': None, 'cmake_target_skip_unavailable': False, 'install_base': '/home/boss/Z4Ge/install/lidar_demo', 'merge_install': False, 'path': '/home/boss/Z4Ge/src/lidar_demo', 'symlink_install': True, 'test_result_base': None}
[0.342s] Level 5:colcon.colcon_core.verb:set package 'twist_stamper' build argument 'cmake_args' from command line to 'None'
[0.342s] Level 5:colcon.colcon_core.verb:set package 'twist_stamper' build argument 'cmake_target' from command line to 'None'
[0.342s] Level 5:colcon.colcon_core.verb:set package 'twist_stamper' build argument 'cmake_target_skip_unavailable' from command line to 'False'
[0.342s] Level 5:colcon.colcon_core.verb:set package 'twist_stamper' build argument 'cmake_clean_cache' from command line to 'False'
[0.342s] Level 5:colcon.colcon_core.verb:set package 'twist_stamper' build argument 'cmake_clean_first' from command line to 'False'
[0.342s] Level 5:colcon.colcon_core.verb:set package 'twist_stamper' build argument 'cmake_force_configure' from command line to 'False'
[0.342s] Level 5:colcon.colcon_core.verb:set package 'twist_stamper' build argument 'ament_cmake_args' from command line to 'None'
[0.342s] Level 5:colcon.colcon_core.verb:set package 'twist_stamper' build argument 'catkin_cmake_args' from command line to 'None'
[0.342s] Level 5:colcon.colcon_core.verb:set package 'twist_stamper' build argument 'catkin_skip_building_tests' from command line to 'False'
[0.342s] DEBUG:colcon.colcon_core.verb:Building package 'twist_stamper' with the following arguments: {'ament_cmake_args': None, 'build_base': '/home/boss/Z4Ge/build/twist_stamper', 'catkin_cmake_args': None, 'catkin_skip_building_tests': False, 'cmake_args': None, 'cmake_clean_cache': False, 'cmake_clean_first': False, 'cmake_force_configure': False, 'cmake_target': None, 'cmake_target_skip_unavailable': False, 'install_base': '/home/boss/Z4Ge/install/twist_stamper', 'merge_install': False, 'path': '/home/boss/Z4Ge/src/twist_stamper', 'symlink_install': True, 'test_result_base': None}
[0.343s] INFO:colcon.colcon_core.executor:Executing jobs using 'parallel' executor
[0.344s] DEBUG:colcon.colcon_parallel_executor.executor.parallel:run_until_complete
[0.344s] INFO:colcon.colcon_ros.task.ament_cmake.build:Building ROS package in '/home/boss/Z4Ge/src/autonomous_car' with build type 'ament_cmake'
[0.344s] INFO:colcon.colcon_cmake.task.cmake.build:Building CMake package in '/home/boss/Z4Ge/src/autonomous_car'
[0.348s] INFO:colcon.colcon_core.plugin_system:Skipping extension 'colcon_core.shell.bat': Not used on non-Windows systems
[0.348s] INFO:colcon.colcon_core.shell:Skip shell extension 'powershell' for command environment: Not usable outside of PowerShell
[0.348s] DEBUG:colcon.colcon_core.shell:Skip shell extension 'dsv' for command environment
[0.353s] INFO:colcon.colcon_ros.task.ament_cmake.build:Building ROS package in '/home/boss/Z4Ge/src/lidar_demo' with build type 'ament_cmake'
[0.353s] INFO:colcon.colcon_cmake.task.cmake.build:Building CMake package in '/home/boss/Z4Ge/src/lidar_demo'
[0.353s] INFO:colcon.colcon_core.shell:Skip shell extension 'powershell' for command environment: Not usable outside of PowerShell
[0.353s] DEBUG:colcon.colcon_core.shell:Skip shell extension 'dsv' for command environment
[0.358s] INFO:colcon.colcon_ros.task.ament_python.build:Building ROS package in '/home/boss/Z4Ge/src/twist_stamper' with build type 'ament_python'
[0.358s] Level 1:colcon.colcon_core.shell:create_environment_hook('twist_stamper', 'ament_prefix_path')
[0.358s] INFO:colcon.colcon_core.shell:Creating environment hook '/home/boss/Z4Ge/install/twist_stamper/share/twist_stamper/hook/ament_prefix_path.ps1'
[0.359s] INFO:colcon.colcon_core.shell:Creating environment descriptor '/home/boss/Z4Ge/install/twist_stamper/share/twist_stamper/hook/ament_prefix_path.dsv'
[0.359s] INFO:colcon.colcon_core.shell:Creating environment hook '/home/boss/Z4Ge/install/twist_stamper/share/twist_stamper/hook/ament_prefix_path.sh'
[0.360s] INFO:colcon.colcon_core.shell:Skip shell extension 'powershell' for command environment: Not usable outside of PowerShell
[0.360s] DEBUG:colcon.colcon_core.shell:Skip shell extension 'dsv' for command environment
[0.368s] DEBUG:colcon.colcon_core.event_handler.log_command:Invoking command in '/home/boss/Z4Ge/build/autonomous_car': CMAKE_PREFIX_PATH=${CMAKE_PREFIX_PATH}:/home/boss/Z4Ge/install/twist_stamper:/opt/ros/jazzy DEBUGINFOD_URLS=https://debuginfod.ubuntu.com /usr/bin/cmake /home/boss/Z4Ge/src/autonomous_car -DAMENT_CMAKE_SYMLINK_INSTALL=1 -DCMAKE_INSTALL_PREFIX=/home/boss/Z4Ge/install/autonomous_car
[0.370s] DEBUG:colcon.colcon_core.event_handler.log_command:Invoking command in '/home/boss/Z4Ge/build/lidar_demo': CMAKE_PREFIX_PATH=${CMAKE_PREFIX_PATH}:/home/boss/Z4Ge/install/twist_stamper:/opt/ros/jazzy DEBUGINFOD_URLS=https://debuginfod.ubuntu.com /usr/bin/cmake /home/boss/Z4Ge/src/lidar_demo -DAMENT_CMAKE_SYMLINK_INSTALL=1 -DCMAKE_INSTALL_PREFIX=/home/boss/Z4Ge/install/lidar_demo
[0.581s] INFO:colcon.colcon_core.task.python.build:Building Python package in '/home/boss/Z4Ge/src/twist_stamper'
[0.582s] INFO:colcon.colcon_core.shell:Skip shell extension 'powershell' for command environment: Not usable outside of PowerShell
[0.582s] DEBUG:colcon.colcon_core.shell:Skip shell extension 'dsv' for command environment
[1.045s] DEBUG:colcon.colcon_core.event_handler.log_command:Invoked command in '/home/boss/Z4Ge/build/autonomous_car' returned '0': CMAKE_PREFIX_PATH=${CMAKE_PREFIX_PATH}:/home/boss/Z4Ge/install/twist_stamper:/opt/ros/jazzy DEBUGINFOD_URLS=https://debuginfod.ubuntu.com /usr/bin/cmake /home/boss/Z4Ge/src/autonomous_car -DAMENT_CMAKE_SYMLINK_INSTALL=1 -DCMAKE_INSTALL_PREFIX=/home/boss/Z4Ge/install/autonomous_car
[1.045s] DEBUG:colcon.colcon_core.event_handler.log_command:Invoking command in '/home/boss/Z4Ge/build/autonomous_car': CMAKE_PREFIX_PATH=${CMAKE_PREFIX_PATH}:/home/boss/Z4Ge/install/twist_stamper:/opt/ros/jazzy DEBUGINFOD_URLS=https://debuginfod.ubuntu.com /usr/bin/cmake --build /home/boss/Z4Ge/build/autonomous_car -- -j16 -l16
[1.057s] DEBUG:colcon.colcon_core.task.python.build:Available setuptools commands: setopt, editable_wheel, build_scripts, compile_catalog, bdist_rpm, upload_docs, sdist, init_catalog, bdist_dumb, install_scripts, install, install_headers, symlink_data, egg_info, register, upload, build_ext, saveopts, clean, extract_messages, check, rotate, develop, build, bdist, alias, bdist_egg, dist_info, build_clib, install_data, build_py, bdist_wheel, test, update_catalog, install_egg_info, install_lib, easy_install
[1.086s] DEBUG:colcon.colcon_core.event_handler.log_command:Invoked command in '/home/boss/Z4Ge/build/autonomous_car' returned '0': CMAKE_PREFIX_PATH=${CMAKE_PREFIX_PATH}:/home/boss/Z4Ge/install/twist_stamper:/opt/ros/jazzy DEBUGINFOD_URLS=https://debuginfod.ubuntu.com /usr/bin/cmake --build /home/boss/Z4Ge/build/autonomous_car -- -j16 -l16
[1.097s] DEBUG:colcon.colcon_core.event_handler.log_command:Invoking command in '/home/boss/Z4Ge/build/autonomous_car': CMAKE_PREFIX_PATH=${CMAKE_PREFIX_PATH}:/home/boss/Z4Ge/install/twist_stamper:/opt/ros/jazzy DEBUGINFOD_URLS=https://debuginfod.ubuntu.com /usr/bin/cmake --install /home/boss/Z4Ge/build/autonomous_car
[1.328s] DEBUG:colcon.colcon_core.task.python.build:Available setuptools 'develop' options: --prefix, --user, --uninstall, --version, --upgrade, --egg-path, --help, --editable, --site-dirs, --no-user-cfg, --no-deps, --build-directory, --force-installation-into-system-dir, --no-find-links, --optimize, --exclude-scripts, --script-dir, --local-snapshots-ok, --record, --zip-ok, --quiet, --multi-version, --verbose, --install-dir, --always-unzip, --install-layout, --index-url, --always-copy, --find-links, --allow-hosts, --dry-run
[1.329s] DEBUG:colcon.colcon_core.event_handler.log_command:Invoking command in '/home/boss/Z4Ge/build/twist_stamper': DEBUGINFOD_URLS=https://debuginfod.ubuntu.com PYTHONPATH=/home/boss/Z4Ge/build/twist_stamper/prefix_override:/usr/lib/python3/dist-packages/colcon_core/task/python/colcon_distutils_commands:/home/boss/Z4Ge/install/twist_stamper/lib/python3.12/site-packages:${PYTHONPATH} /usr/bin/python3 -W ignore:setup.py install is deprecated -W ignore:easy_install command is deprecated setup.py develop --editable --build-directory /home/boss/Z4Ge/build/twist_stamper/build --no-deps symlink_data
[1.367s] Level 1:colcon.colcon_core.environment:create_environment_scripts_only(autonomous_car)
[1.368s] DEBUG:colcon.colcon_core.event_handler.log_command:Invoked command in '/home/boss/Z4Ge/build/autonomous_car' returned '0': CMAKE_PREFIX_PATH=${CMAKE_PREFIX_PATH}:/home/boss/Z4Ge/install/twist_stamper:/opt/ros/jazzy DEBUGINFOD_URLS=https://debuginfod.ubuntu.com /usr/bin/cmake --install /home/boss/Z4Ge/build/autonomous_car
[1.370s] Level 1:colcon.colcon_core.environment:checking '/home/boss/Z4Ge/install/autonomous_car' for CMake module files
[1.370s] Level 1:colcon.colcon_core.environment:checking '/home/boss/Z4Ge/install/autonomous_car' for CMake config files
[1.370s] Level 1:colcon.colcon_core.shell:create_environment_hook('autonomous_car', 'cmake_prefix_path')
[1.371s] INFO:colcon.colcon_core.shell:Creating environment hook '/home/boss/Z4Ge/install/autonomous_car/share/autonomous_car/hook/cmake_prefix_path.ps1'
[1.371s] INFO:colcon.colcon_core.shell:Creating environment descriptor '/home/boss/Z4Ge/install/autonomous_car/share/autonomous_car/hook/cmake_prefix_path.dsv'
[1.371s] INFO:colcon.colcon_core.shell:Creating environment hook '/home/boss/Z4Ge/install/autonomous_car/share/autonomous_car/hook/cmake_prefix_path.sh'
[1.372s] Level 1:colcon.colcon_core.environment:checking '/home/boss/Z4Ge/install/autonomous_car/lib'
[1.372s] Level 1:colcon.colcon_core.environment:checking '/home/boss/Z4Ge/install/autonomous_car/bin'
[1.372s] Level 1:colcon.colcon_core.environment:checking '/home/boss/Z4Ge/install/autonomous_car/lib/pkgconfig/autonomous_car.pc'
[1.372s] Level 1:colcon.colcon_core.environment:checking '/home/boss/Z4Ge/install/autonomous_car/lib/python3.12/site-packages'
[1.372s] Level 1:colcon.colcon_core.environment:checking '/home/boss/Z4Ge/install/autonomous_car/bin'
[1.372s] INFO:colcon.colcon_core.shell:Creating package script '/home/boss/Z4Ge/install/autonomous_car/share/autonomous_car/package.ps1'
[1.373s] INFO:colcon.colcon_core.shell:Creating package descriptor '/home/boss/Z4Ge/install/autonomous_car/share/autonomous_car/package.dsv'
[1.373s] INFO:colcon.colcon_core.shell:Creating package script '/home/boss/Z4Ge/install/autonomous_car/share/autonomous_car/package.sh'
[1.374s] INFO:colcon.colcon_core.shell:Creating package script '/home/boss/Z4Ge/install/autonomous_car/share/autonomous_car/package.bash'
[1.374s] INFO:colcon.colcon_core.shell:Creating package script '/home/boss/Z4Ge/install/autonomous_car/share/autonomous_car/package.zsh'
[1.374s] Level 1:colcon.colcon_core.environment:create_file_with_runtime_dependencies(/home/boss/Z4Ge/install/autonomous_car/share/colcon-core/packages/autonomous_car)
[1.375s] Level 1:colcon.colcon_core.environment:create_environment_scripts_only(autonomous_car)
[1.375s] Level 1:colcon.colcon_core.environment:checking '/home/boss/Z4Ge/install/autonomous_car' for CMake module files
[1.375s] Level 1:colcon.colcon_core.environment:checking '/home/boss/Z4Ge/install/autonomous_car' for CMake config files
[1.376s] Level 1:colcon.colcon_core.shell:create_environment_hook('autonomous_car', 'cmake_prefix_path')
[1.376s] INFO:colcon.colcon_core.shell:Creating environment hook '/home/boss/Z4Ge/install/autonomous_car/share/autonomous_car/hook/cmake_prefix_path.ps1'
[1.376s] INFO:colcon.colcon_core.shell:Creating environment descriptor '/home/boss/Z4Ge/install/autonomous_car/share/autonomous_car/hook/cmake_prefix_path.dsv'
[1.376s] INFO:colcon.colcon_core.shell:Creating environment hook '/home/boss/Z4Ge/install/autonomous_car/share/autonomous_car/hook/cmake_prefix_path.sh'
[1.377s] Level 1:colcon.colcon_core.environment:checking '/home/boss/Z4Ge/install/autonomous_car/lib'
[1.377s] Level 1:colcon.colcon_core.environment:checking '/home/boss/Z4Ge/install/autonomous_car/bin'
[1.377s] Level 1:colcon.colcon_core.environment:checking '/home/boss/Z4Ge/install/autonomous_car/lib/pkgconfig/autonomous_car.pc'
[1.377s] Level 1:colcon.colcon_core.environment:checking '/home/boss/Z4Ge/install/autonomous_car/lib/python3.12/site-packages'
[1.377s] Level 1:colcon.colcon_core.environment:checking '/home/boss/Z4Ge/install/autonomous_car/bin'
[1.377s] INFO:colcon.colcon_core.shell:Creating package script '/home/boss/Z4Ge/install/autonomous_car/share/autonomous_car/package.ps1'
[1.378s] INFO:colcon.colcon_core.shell:Creating package descriptor '/home/boss/Z4Ge/install/autonomous_car/share/autonomous_car/package.dsv'
[1.379s] INFO:colcon.colcon_core.shell:Creating package script '/home/boss/Z4Ge/install/autonomous_car/share/autonomous_car/package.sh'
[1.379s] INFO:colcon.colcon_core.shell:Creating package script '/home/boss/Z4Ge/install/autonomous_car/share/autonomous_car/package.bash'
[1.379s] INFO:colcon.colcon_core.shell:Creating package script '/home/boss/Z4Ge/install/autonomous_car/share/autonomous_car/package.zsh'
[1.380s] Level 1:colcon.colcon_core.environment:create_file_with_runtime_dependencies(/home/boss/Z4Ge/install/autonomous_car/share/colcon-core/packages/autonomous_car)
[1.752s] DEBUG:colcon.colcon_core.event_handler.log_command:Invoked command in '/home/boss/Z4Ge/build/lidar_demo' returned '0': CMAKE_PREFIX_PATH=${CMAKE_PREFIX_PATH}:/home/boss/Z4Ge/install/twist_stamper:/opt/ros/jazzy DEBUGINFOD_URLS=https://debuginfod.ubuntu.com /usr/bin/cmake /home/boss/Z4Ge/src/lidar_demo -DAMENT_CMAKE_SYMLINK_INSTALL=1 -DCMAKE_INSTALL_PREFIX=/home/boss/Z4Ge/install/lidar_demo
[1.753s] DEBUG:colcon.colcon_core.event_handler.log_command:Invoking command in '/home/boss/Z4Ge/build/lidar_demo': CMAKE_PREFIX_PATH=${CMAKE_PREFIX_PATH}:/home/boss/Z4Ge/install/twist_stamper:/opt/ros/jazzy DEBUGINFOD_URLS=https://debuginfod.ubuntu.com /usr/bin/cmake --build /home/boss/Z4Ge/build/lidar_demo -- -j16 -l16
[1.801s] DEBUG:colcon.colcon_core.event_handler.log_command:Invoked command in '/home/boss/Z4Ge/build/lidar_demo' returned '0': CMAKE_PREFIX_PATH=${CMAKE_PREFIX_PATH}:/home/boss/Z4Ge/install/twist_stamper:/opt/ros/jazzy DEBUGINFOD_URLS=https://debuginfod.ubuntu.com /usr/bin/cmake --build /home/boss/Z4Ge/build/lidar_demo -- -j16 -l16
[1.802s] DEBUG:colcon.colcon_core.event_handler.log_command:Invoking command in '/home/boss/Z4Ge/build/lidar_demo': CMAKE_PREFIX_PATH=${CMAKE_PREFIX_PATH}:/home/boss/Z4Ge/install/twist_stamper:/opt/ros/jazzy DEBUGINFOD_URLS=https://debuginfod.ubuntu.com /usr/bin/cmake --install /home/boss/Z4Ge/build/lidar_demo
[1.860s] Level 1:colcon.colcon_core.shell:create_environment_hook('twist_stamper', 'pythonpath_develop')
[1.861s] INFO:colcon.colcon_core.shell:Creating environment hook '/home/boss/Z4Ge/build/twist_stamper/share/twist_stamper/hook/pythonpath_develop.ps1'
[1.861s] DEBUG:colcon.colcon_core.event_handler.log_command:Invoked command in '/home/boss/Z4Ge/build/twist_stamper' returned '0': DEBUGINFOD_URLS=https://debuginfod.ubuntu.com PYTHONPATH=/home/boss/Z4Ge/build/twist_stamper/prefix_override:/usr/lib/python3/dist-packages/colcon_core/task/python/colcon_distutils_commands:/home/boss/Z4Ge/install/twist_stamper/lib/python3.12/site-packages:${PYTHONPATH} /usr/bin/python3 -W ignore:setup.py install is deprecated -W ignore:easy_install command is deprecated setup.py develop --editable --build-directory /home/boss/Z4Ge/build/twist_stamper/build --no-deps symlink_data
[1.862s] INFO:colcon.colcon_core.shell:Creating environment descriptor '/home/boss/Z4Ge/build/twist_stamper/share/twist_stamper/hook/pythonpath_develop.dsv'
[1.862s] INFO:colcon.colcon_core.shell:Creating environment hook '/home/boss/Z4Ge/build/twist_stamper/share/twist_stamper/hook/pythonpath_develop.sh'
[1.862s] Level 1:colcon.colcon_core.environment:checking '/home/boss/Z4Ge/install/twist_stamper' for CMake module files
[1.863s] Level 1:colcon.colcon_core.environment:checking '/home/boss/Z4Ge/install/twist_stamper' for CMake config files
[1.863s] Level 1:colcon.colcon_core.environment:checking '/home/boss/Z4Ge/install/twist_stamper/lib'
[1.863s] Level 1:colcon.colcon_core.environment:checking '/home/boss/Z4Ge/install/twist_stamper/bin'
[1.863s] Level 1:colcon.colcon_core.environment:checking '/home/boss/Z4Ge/install/twist_stamper/lib/pkgconfig/twist_stamper.pc'
[1.863s] Level 1:colcon.colcon_core.environment:checking '/home/boss/Z4Ge/install/twist_stamper/lib/python3.12/site-packages'
[1.863s] Level 1:colcon.colcon_core.shell:create_environment_hook('twist_stamper', 'pythonpath')
[1.863s] INFO:colcon.colcon_core.shell:Creating environment hook '/home/boss/Z4Ge/install/twist_stamper/share/twist_stamper/hook/pythonpath.ps1'
[1.864s] INFO:colcon.colcon_core.shell:Creating environment descriptor '/home/boss/Z4Ge/install/twist_stamper/share/twist_stamper/hook/pythonpath.dsv'
[1.864s] INFO:colcon.colcon_core.shell:Creating environment hook '/home/boss/Z4Ge/install/twist_stamper/share/twist_stamper/hook/pythonpath.sh'
[1.865s] Level 1:colcon.colcon_core.environment:checking '/home/boss/Z4Ge/install/twist_stamper/bin'
[1.865s] Level 1:colcon.colcon_core.environment:create_environment_scripts_only(twist_stamper)
[1.865s] INFO:colcon.colcon_core.shell:Creating package script '/home/boss/Z4Ge/install/twist_stamper/share/twist_stamper/package.ps1'
[1.865s] INFO:colcon.colcon_core.shell:Creating package descriptor '/home/boss/Z4Ge/install/twist_stamper/share/twist_stamper/package.dsv'
[1.866s] INFO:colcon.colcon_core.shell:Creating package script '/home/boss/Z4Ge/install/twist_stamper/share/twist_stamper/package.sh'
[1.866s] INFO:colcon.colcon_core.shell:Creating package script '/home/boss/Z4Ge/install/twist_stamper/share/twist_stamper/package.bash'
[1.866s] INFO:colcon.colcon_core.shell:Creating package script '/home/boss/Z4Ge/install/twist_stamper/share/twist_stamper/package.zsh'
[1.867s] Level 1:colcon.colcon_core.environment:create_file_with_runtime_dependencies(/home/boss/Z4Ge/install/twist_stamper/share/colcon-core/packages/twist_stamper)
[2.125s] Level 1:colcon.colcon_core.environment:create_environment_scripts_only(lidar_demo)
[2.126s] Level 1:colcon.colcon_core.environment:checking '/home/boss/Z4Ge/install/lidar_demo' for CMake module files
[2.126s] DEBUG:colcon.colcon_core.event_handler.log_command:Invoked command in '/home/boss/Z4Ge/build/lidar_demo' returned '0': CMAKE_PREFIX_PATH=${CMAKE_PREFIX_PATH}:/home/boss/Z4Ge/install/twist_stamper:/opt/ros/jazzy DEBUGINFOD_URLS=https://debuginfod.ubuntu.com /usr/bin/cmake --install /home/boss/Z4Ge/build/lidar_demo
[2.127s] Level 1:colcon.colcon_core.environment:checking '/home/boss/Z4Ge/install/lidar_demo' for CMake config files
[2.127s] Level 1:colcon.colcon_core.shell:create_environment_hook('lidar_demo', 'cmake_prefix_path')
[2.127s] INFO:colcon.colcon_core.shell:Creating environment hook '/home/boss/Z4Ge/install/lidar_demo/share/lidar_demo/hook/cmake_prefix_path.ps1'
[2.128s] INFO:colcon.colcon_core.shell:Creating environment descriptor '/home/boss/Z4Ge/install/lidar_demo/share/lidar_demo/hook/cmake_prefix_path.dsv'
[2.128s] INFO:colcon.colcon_core.shell:Creating environment hook '/home/boss/Z4Ge/install/lidar_demo/share/lidar_demo/hook/cmake_prefix_path.sh'
[2.128s] Level 1:colcon.colcon_core.environment:checking '/home/boss/Z4Ge/install/lidar_demo/bin'
[2.128s] Level 1:colcon.colcon_core.environment:checking '/home/boss/Z4Ge/install/lidar_demo/lib/pkgconfig/lidar_demo.pc'
[2.128s] Level 1:colcon.colcon_core.environment:checking '/home/boss/Z4Ge/install/lidar_demo/lib/python3.12/site-packages'
[2.129s] Level 1:colcon.colcon_core.environment:checking '/home/boss/Z4Ge/install/lidar_demo/bin'
[2.129s] INFO:colcon.colcon_core.shell:Creating package script '/home/boss/Z4Ge/install/lidar_demo/share/lidar_demo/package.ps1'
[2.129s] INFO:colcon.colcon_core.shell:Creating package descriptor '/home/boss/Z4Ge/install/lidar_demo/share/lidar_demo/package.dsv'
[2.130s] INFO:colcon.colcon_core.shell:Creating package script '/home/boss/Z4Ge/install/lidar_demo/share/lidar_demo/package.sh'
[2.130s] INFO:colcon.colcon_core.shell:Creating package script '/home/boss/Z4Ge/install/lidar_demo/share/lidar_demo/package.bash'
[2.130s] INFO:colcon.colcon_core.shell:Creating package script '/home/boss/Z4Ge/install/lidar_demo/share/lidar_demo/package.zsh'
[2.130s] Level 1:colcon.colcon_core.environment:create_file_with_runtime_dependencies(/home/boss/Z4Ge/install/lidar_demo/share/colcon-core/packages/lidar_demo)
[2.131s] Level 1:colcon.colcon_core.environment:create_environment_scripts_only(lidar_demo)
[2.131s] Level 1:colcon.colcon_core.environment:checking '/home/boss/Z4Ge/install/lidar_demo' for CMake module files
[2.131s] Level 1:colcon.colcon_core.environment:checking '/home/boss/Z4Ge/install/lidar_demo' for CMake config files
[2.132s] Level 1:colcon.colcon_core.shell:create_environment_hook('lidar_demo', 'cmake_prefix_path')
[2.132s] INFO:colcon.colcon_core.shell:Creating environment hook '/home/boss/Z4Ge/install/lidar_demo/share/lidar_demo/hook/cmake_prefix_path.ps1'
[2.132s] INFO:colcon.colcon_core.shell:Creating environment descriptor '/home/boss/Z4Ge/install/lidar_demo/share/lidar_demo/hook/cmake_prefix_path.dsv'
[2.132s] INFO:colcon.colcon_core.shell:Creating environment hook '/home/boss/Z4Ge/install/lidar_demo/share/lidar_demo/hook/cmake_prefix_path.sh'
[2.133s] Level 1:colcon.colcon_core.environment:checking '/home/boss/Z4Ge/install/lidar_demo/bin'
[2.133s] Level 1:colcon.colcon_core.environment:checking '/home/boss/Z4Ge/install/lidar_demo/lib/pkgconfig/lidar_demo.pc'
[2.133s] Level 1:colcon.colcon_core.environment:checking '/home/boss/Z4Ge/install/lidar_demo/lib/python3.12/site-packages'
[2.133s] Level 1:colcon.colcon_core.environment:checking '/home/boss/Z4Ge/install/lidar_demo/bin'
[2.134s] INFO:colcon.colcon_core.shell:Creating package script '/home/boss/Z4Ge/install/lidar_demo/share/lidar_demo/package.ps1'
[2.134s] INFO:colcon.colcon_core.shell:Creating package descriptor '/home/boss/Z4Ge/install/lidar_demo/share/lidar_demo/package.dsv'
[2.134s] INFO:colcon.colcon_core.shell:Creating package script '/home/boss/Z4Ge/install/lidar_demo/share/lidar_demo/package.sh'
[2.135s] INFO:colcon.colcon_core.shell:Creating package script '/home/boss/Z4Ge/install/lidar_demo/share/lidar_demo/package.bash'
[2.135s] INFO:colcon.colcon_core.shell:Creating package script '/home/boss/Z4Ge/install/lidar_demo/share/lidar_demo/package.zsh'
[2.135s] Level 1:colcon.colcon_core.environment:create_file_with_runtime_dependencies(/home/boss/Z4Ge/install/lidar_demo/share/colcon-core/packages/lidar_demo)
[2.135s] DEBUG:colcon.colcon_parallel_executor.executor.parallel:closing loop
[2.136s] DEBUG:colcon.colcon_parallel_executor.executor.parallel:loop closed
[2.136s] DEBUG:colcon.colcon_parallel_executor.executor.parallel:run_until_complete finished with '0'
[2.136s] DEBUG:colcon.colcon_core.event_reactor:joining thread
[2.142s] INFO:colcon.colcon_core.plugin_system:Skipping extension 'colcon_notification.desktop_notification.terminal_notifier': Not used on non-Darwin systems
[2.142s] INFO:colcon.colcon_core.plugin_system:Skipping extension 'colcon_notification.desktop_notification.win32': Not used on non-Windows systems
[2.142s] INFO:colcon.colcon_notification.desktop_notification:Sending desktop notification using 'notify2'
[2.160s] DEBUG:colcon.colcon_core.event_reactor:joined thread
[2.160s] INFO:colcon.colcon_core.shell:Creating prefix script '/home/boss/Z4Ge/install/local_setup.ps1'
[2.161s] INFO:colcon.colcon_core.shell:Creating prefix util module '/home/boss/Z4Ge/install/_local_setup_util_ps1.py'
[2.162s] INFO:colcon.colcon_core.shell:Creating prefix chain script '/home/boss/Z4Ge/install/setup.ps1'
[2.163s] INFO:colcon.colcon_core.shell:Creating prefix script '/home/boss/Z4Ge/install/local_setup.sh'
[2.163s] INFO:colcon.colcon_core.shell:Creating prefix util module '/home/boss/Z4Ge/install/_local_setup_util_sh.py'
[2.164s] INFO:colcon.colcon_core.shell:Creating prefix chain script '/home/boss/Z4Ge/install/setup.sh'
[2.164s] INFO:colcon.colcon_core.shell:Creating prefix script '/home/boss/Z4Ge/install/local_setup.bash'
[2.165s] INFO:colcon.colcon_core.shell:Creating prefix chain script '/home/boss/Z4Ge/install/setup.bash'
[2.165s] INFO:colcon.colcon_core.shell:Creating prefix script '/home/boss/Z4Ge/install/local_setup.zsh'
[2.165s] INFO:colcon.colcon_core.shell:Creating prefix chain script '/home/boss/Z4Ge/install/setup.zsh'
